number,value,state,params_COLSAMPLE_BYTREE,params_LEARNING_RATE,params_MAX_DEPTH,params_MIN_CHILD_WEIGHT,params_N_ESTIMATORS,params_REG_ALPHA,params_REG_LAMBDA,params_SUBSAMPLE,params_WAVEFORM_FEATURE_COUNT,user_attrs_artifact_root,user_attrs_config_params,user_attrs_metrics,user_attrs_model_dir
46,0.0032743035280347887,COMPLETE,0.7129776524307081,0.05613590013804159,8,2.9794243273788257,3750,4.4557728868882134e-05,0.3103600138497684,0.9465824419780361,256,C:\Users\jiaotong1\5080train\update\run_logs\publication-hpo-20260611-005517\artifacts\xgboost\trial_0046,"{'N_ESTIMATORS': 3750, 'LEARNING_RATE': 0.05613590013804159, 'MAX_DEPTH': 8, 'MIN_CHILD_WEIGHT': 2.9794243273788257, 'SUBSAMPLE': 0.9465824419780361, 'COLSAMPLE_BYTREE': 0.7129776524307081, 'REG_LAMBDA': 0.3103600138497684, 'REG_ALPHA': 4.4557728868882134e-05, 'WAVEFORM_FEATURE_COUNT': 256}","{'Samples': 3420, 'R2': 0.7880857446870188, 'MAE': 0.0006593359507527026, 'RMSE': 0.0012383868737692396, 'MAPE': 25.163209960362327, 'Bias': -0.0003946741437656004, 'SelectionScore': 0.0032743035280347887}",C:\Users\jiaotong1\5080train\update\run_logs\publication-hpo-20260611-005517\artifacts\xgboost\trial_0046\model-20260531-181258-99dfe0c9-train20260611-015754
47,0.002740337777118779,COMPLETE,0.7670979788419384,0.0673838196615659,5,4.527917033282544,3500,4.1383955997657895e-05,0.0045963207671804816,0.9906438848791574,128,C:\Users\jiaotong1\5080train\update\run_logs\publication-hpo-20260611-005517\artifacts\xgboost\trial_0047,"{'N_ESTIMATORS': 3500, 'LEARNING_RATE': 0.0673838196615659, 'MAX_DEPTH': 5, 'MIN_CHILD_WEIGHT': 4.527917033282544, 'SUBSAMPLE': 0.9906438848791574, 'COLSAMPLE_BYTREE': 0.7670979788419384, 'REG_LAMBDA': 0.0045963207671804816, 'REG_ALPHA': 4.1383955997657895e-05, 'WAVEFORM_FEATURE_COUNT': 128}","{'Samples': 3420, 'R2': 0.8442345085649721, 'MAE': 0.0006053183806563986, 'RMSE': 0.001061724596810041, 'MAPE': 26.727561738872172, 'Bias': -0.0003120894249561996, 'SelectionScore': 0.002740337777118779}",C:\Users\jiaotong1\5080train\update\run_logs\publication-hpo-20260611-005517\artifacts\xgboost\trial_0047\model-20260531-181258-99dfe0c9-train20260611-015850
48,0.00292208256219006,COMPLETE,0.6950578652943362,0.06554153837666377,5,4.400830973167418,2750,4.710854893756915e-05,0.0656950483519451,0.8936845478934452,128,C:\Users\jiaotong1\5080train\update\run_logs\publication-hpo-20260611-005517\artifacts\xgboost\trial_0048,"{'N_ESTIMATORS': 2750, 'LEARNING_RATE': 0.06554153837666377, 'MAX_DEPTH': 5, 'MIN_CHILD_WEIGHT': 4.400830973167418, 'SUBSAMPLE': 0.8936845478934452, 'COLSAMPLE_BYTREE': 0.6950578652943362, 'REG_LAMBDA': 0.0656950483519451, 'REG_ALPHA': 4.710854893756915e-05, 'WAVEFORM_FEATURE_COUNT': 128}","{'Samples': 3420, 'R2': 0.827530798861263, 'MAE': 0.0006169593221126265, 'RMSE': 0.0011172028367665298, 'MAPE': 26.995407464488927, 'Bias': -0.0003322013907336441, 'SelectionScore': 0.00292208256219006}",C:\Users\jiaotong1\5080train\update\run_logs\publication-hpo-20260611-005517\artifacts\xgboost\trial_0048\model-20260531-181258-99dfe0c9-train20260611-015905
49,0.003136743489048849,COMPLETE,0.6038154690171463,0.04574939673659458,5,8.75823573917626,4250,6.513238832103597e-05,0.004463114816946264,0.9717673051496126,64,C:\Users\jiaotong1\5080train\update\run_logs\publication-hpo-20260611-005517\artifacts\xgboost\trial_0049,"{'N_ESTIMATORS': 4250, 'LEARNING_RATE': 0.04574939673659458, 'MAX_DEPTH': 5, 'MIN_CHILD_WEIGHT': 8.75823573917626, 'SUBSAMPLE': 0.9717673051496126, 'COLSAMPLE_BYTREE': 0.6038154690171463, 'REG_LAMBDA': 0.004463114816946264, 'REG_ALPHA': 6.513238832103597e-05, 'WAVEFORM_FEATURE_COUNT': 64}","{'Samples': 3420, 'R2': 0.8026080783256568, 'MAE': 0.0006457273557609039, 'RMSE': 0.0011952009823640122, 'MAPE': 28.221867179760906, 'Bias': -0.00032741473160058376, 'SelectionScore': 0.003136743489048849}",C:\Users\jiaotong1\5080train\update\run_logs\publication-hpo-20260611-005517\artifacts\xgboost\trial_0049\model-20260531-181258-99dfe0c9-train20260611-015918
