number,value,state,params_COLSAMPLE_BYTREE,params_LEARNING_RATE,params_MAX_DEPTH,params_MIN_CHILD_WEIGHT,params_N_ESTIMATORS,params_REG_ALPHA,params_REG_LAMBDA,params_SUBSAMPLE,params_WAVEFORM_FEATURE_COUNT,user_attrs_artifact_root,user_attrs_config_params,user_attrs_metrics,user_attrs_model_dir
0,0.0029359519283495466,COMPLETE,0.8684152931365712,0.07126133537558624,6,18.2467514001474,3000,0.00010079276887990879,0.0037940845958864496,0.6908428257784337,256,C:\Users\jiaotong1\5080train\update\run_logs\publication-hpo-20260611-005517\artifacts\xgboost\trial_0000,"{'N_ESTIMATORS': 3000, 'LEARNING_RATE': 0.07126133537558624, 'MAX_DEPTH': 6, 'MIN_CHILD_WEIGHT': 18.2467514001474, 'SUBSAMPLE': 0.6908428257784337, 'COLSAMPLE_BYTREE': 0.8684152931365712, 'REG_LAMBDA': 0.0037940845958864496, 'REG_ALPHA': 0.00010079276887990879, 'WAVEFORM_FEATURE_COUNT': 256}","{'Samples': 3420, 'R2': 0.8231229425606208, 'MAE': 0.0006367924256949542, 'RMSE': 0.001131389141302905, 'MAPE': 25.850650429284503, 'Bias': -0.00037989467588822503, 'SelectionScore': 0.0029359519283495466}",C:\Users\jiaotong1\5080train\update\run_logs\publication-hpo-20260611-005517\artifacts\xgboost\trial_0000\model-20260531-181258-99dfe0c9-train20260611-014327
1,0.003205538442804963,COMPLETE,0.7683370710104274,0.010833450721648489,5,2.8648955363366477,4500,6.822390181601416e-06,0.012030461619610727,0.925960730495063,64,C:\Users\jiaotong1\5080train\update\run_logs\publication-hpo-20260611-005517\artifacts\xgboost\trial_0001,"{'N_ESTIMATORS': 4500, 'LEARNING_RATE': 0.010833450721648489, 'MAX_DEPTH': 5, 'MIN_CHILD_WEIGHT': 2.8648955363366477, 'SUBSAMPLE': 0.925960730495063, 'COLSAMPLE_BYTREE': 0.7683370710104274, 'REG_LAMBDA': 0.012030461619610727, 'REG_ALPHA': 6.822390181601416e-06, 'WAVEFORM_FEATURE_COUNT': 64}","{'Samples': 3420, 'R2': 0.7968320726007528, 'MAE': 0.0006572844578578941, 'RMSE': 0.0012125616511904367, 'MAPE': 28.525869644558476, 'Bias': -0.0003474001308427299, 'SelectionScore': 0.003205538442804963}",C:\Users\jiaotong1\5080train\update\run_logs\publication-hpo-20260611-005517\artifacts\xgboost\trial_0001\model-20260531-181258-99dfe0c9-train20260611-014354
2,0.0032371374765065484,COMPLETE,0.8390788704723632,0.06923478034925869,8,1.5665339254708268,2750,0.0007193577796358434,0.0010123565000338239,0.9968133506575104,256,C:\Users\jiaotong1\5080train\update\run_logs\publication-hpo-20260611-005517\artifacts\xgboost\trial_0002,"{'N_ESTIMATORS': 2750, 'LEARNING_RATE': 0.06923478034925869, 'MAX_DEPTH': 8, 'MIN_CHILD_WEIGHT': 1.5665339254708268, 'SUBSAMPLE': 0.9968133506575104, 'COLSAMPLE_BYTREE': 0.8390788704723632, 'REG_LAMBDA': 0.0010123565000338239, 'REG_ALPHA': 0.0007193577796358434, 'WAVEFORM_FEATURE_COUNT': 256}","{'Samples': 3420, 'R2': 0.7919618956164514, 'MAE': 0.0006626262355617903, 'RMSE': 0.0012270088575804976, 'MAPE': 25.996707149915547, 'Bias': -0.0003685842672022137, 'SelectionScore': 0.0032371374765065484}",C:\Users\jiaotong1\5080train\update\run_logs\publication-hpo-20260611-005517\artifacts\xgboost\trial_0002\model-20260531-181258-99dfe0c9-train20260611-014408
3,0.003430265995476784,COMPLETE,0.8133546705792566,0.02717496391207872,3,19.593509865425244,750,3.6397309271825226e-06,1.6614376313383021,0.9300085933996209,256,C:\Users\jiaotong1\5080train\update\run_logs\publication-hpo-20260611-005517\artifacts\xgboost\trial_0003,"{'N_ESTIMATORS': 750, 'LEARNING_RATE': 0.02717496391207872, 'MAX_DEPTH': 3, 'MIN_CHILD_WEIGHT': 19.593509865425244, 'SUBSAMPLE': 0.9300085933996209, 'COLSAMPLE_BYTREE': 0.8133546705792566, 'REG_LAMBDA': 1.6614376313383021, 'REG_ALPHA': 3.6397309271825226e-06, 'WAVEFORM_FEATURE_COUNT': 256}","{'Samples': 3420, 'R2': 0.7717201643409821, 'MAE': 0.0007084503155190399, 'RMSE': 0.0012853163424396336, 'MAPE': 31.82326273478248, 'Bias': -0.00042448823810432087, 'SelectionScore': 0.003430265995476784}",C:\Users\jiaotong1\5080train\update\run_logs\publication-hpo-20260611-005517\artifacts\xgboost\trial_0003\model-20260531-181258-99dfe0c9-train20260611-014449
4,0.0029920802430608694,COMPLETE,0.8676646489942883,0.035417516531571554,5,9.667833206466728,1750,0.0030082968527761393,0.5150350170671573,0.8707196565556392,128,C:\Users\jiaotong1\5080train\update\run_logs\publication-hpo-20260611-005517\artifacts\xgboost\trial_0004,"{'N_ESTIMATORS': 1750, 'LEARNING_RATE': 0.035417516531571554, 'MAX_DEPTH': 5, 'MIN_CHILD_WEIGHT': 9.667833206466728, 'SUBSAMPLE': 0.8707196565556392, 'COLSAMPLE_BYTREE': 0.8676646489942883, 'REG_LAMBDA': 0.5150350170671573, 'REG_ALPHA': 0.0030082968527761393, 'WAVEFORM_FEATURE_COUNT': 128}","{'Samples': 3420, 'R2': 0.8206299132073925, 'MAE': 0.0006278250074417788, 'RMSE': 0.001139334538463465, 'MAPE': 26.46362972256463, 'Bias': -0.0003571226170017634, 'SelectionScore': 0.0029920802430608694}",C:\Users\jiaotong1\5080train\update\run_logs\publication-hpo-20260611-005517\artifacts\xgboost\trial_0004\model-20260531-181258-99dfe0c9-train20260611-014455
5,0.003789270473793376,COMPLETE,0.6088749972788572,0.014241739858878862,3,0.6502312170282649,750,4.131439830175403e-06,4.909578086110154,0.8902215957756107,128,C:\Users\jiaotong1\5080train\update\run_logs\publication-hpo-20260611-005517\artifacts\xgboost\trial_0005,"{'N_ESTIMATORS': 750, 'LEARNING_RATE': 0.014241739858878862, 'MAX_DEPTH': 3, 'MIN_CHILD_WEIGHT': 0.6502312170282649, 'SUBSAMPLE': 0.8902215957756107, 'COLSAMPLE_BYTREE': 0.6088749972788572, 'REG_LAMBDA': 4.909578086110154, 'REG_ALPHA': 4.131439830175403e-06, 'WAVEFORM_FEATURE_COUNT': 128}","{'Samples': 3420, 'R2': 0.7256768200924217, 'MAE': 0.0007663191509527811, 'RMSE': 0.001408988690236924, 'MAPE': 35.40154038393812, 'Bias': -0.00040797423505855267, 'SelectionScore': 0.003789270473793376}",C:\Users\jiaotong1\5080train\update\run_logs\publication-hpo-20260611-005517\artifacts\xgboost\trial_0005\model-20260531-181258-99dfe0c9-train20260611-014504
6,0.0034629952162121757,COMPLETE,0.6881052195853599,0.015323395397904704,3,4.273712567906062,1500,0.8866758661374607,0.02634454584691089,0.8474686067227604,256,C:\Users\jiaotong1\5080train\update\run_logs\publication-hpo-20260611-005517\artifacts\xgboost\trial_0006,"{'N_ESTIMATORS': 1500, 'LEARNING_RATE': 0.015323395397904704, 'MAX_DEPTH': 3, 'MIN_CHILD_WEIGHT': 4.273712567906062, 'SUBSAMPLE': 0.8474686067227604, 'COLSAMPLE_BYTREE': 0.6881052195853599, 'REG_LAMBDA': 0.02634454584691089, 'REG_ALPHA': 0.8866758661374607, 'WAVEFORM_FEATURE_COUNT': 256}","{'Samples': 3420, 'R2': 0.7669719862898252, 'MAE': 0.0007200403258609015, 'RMSE': 0.0012986147176264648, 'MAPE': 32.70516574350723, 'Bias': -0.0004423619514978138, 'SelectionScore': 0.0034629952162121757}",C:\Users\jiaotong1\5080train\update\run_logs\publication-hpo-20260611-005517\artifacts\xgboost\trial_0006\model-20260531-181258-99dfe0c9-train20260611-014509
7,0.003268451126726385,COMPLETE,0.9142064685703122,0.005981239188691928,6,0.9337645466164003,1750,2.4214375123242835,10.387873076680174,0.7929923274071122,128,C:\Users\jiaotong1\5080train\update\run_logs\publication-hpo-20260611-005517\artifacts\xgboost\trial_0007,"{'N_ESTIMATORS': 1750, 'LEARNING_RATE': 0.005981239188691928, 'MAX_DEPTH': 6, 'MIN_CHILD_WEIGHT': 0.9337645466164003, 'SUBSAMPLE': 0.7929923274071122, 'COLSAMPLE_BYTREE': 0.9142064685703122, 'REG_LAMBDA': 10.387873076680174, 'REG_ALPHA': 2.4214375123242835, 'WAVEFORM_FEATURE_COUNT': 128}","{'Samples': 3420, 'R2': 0.792604170740733, 'MAE': 0.0006546602504906667, 'RMSE': 0.0012251133239078239, 'MAPE': 27.155136903682244, 'Bias': -0.00037138873197288075, 'SelectionScore': 0.003268451126726385}",C:\Users\jiaotong1\5080train\update\run_logs\publication-hpo-20260611-005517\artifacts\xgboost\trial_0007\model-20260531-181258-99dfe0c9-train20260611-014518
8,0.0030606859133306564,COMPLETE,0.850243382138144,0.06936756886970731,6,8.052419220801426,2500,2.263141746257391e-06,0.003374688321211472,0.7259530682019205,256,C:\Users\jiaotong1\5080train\update\run_logs\publication-hpo-20260611-005517\artifacts\xgboost\trial_0008,"{'N_ESTIMATORS': 2500, 'LEARNING_RATE': 0.06936756886970731, 'MAX_DEPTH': 6, 'MIN_CHILD_WEIGHT': 8.052419220801426, 'SUBSAMPLE': 0.7259530682019205, 'COLSAMPLE_BYTREE': 0.850243382138144, 'REG_LAMBDA': 0.003374688321211472, 'REG_ALPHA': 2.263141746257391e-06, 'WAVEFORM_FEATURE_COUNT': 256}","{'Samples': 3420, 'R2': 0.8123564925792357, 'MAE': 0.0006325574723966346, 'RMSE': 0.001165314163429537, 'MAPE': 25.68031752256917, 'Bias': -0.00038291991648237487, 'SelectionScore': 0.0030606859133306564}",C:\Users\jiaotong1\5080train\update\run_logs\publication-hpo-20260611-005517\artifacts\xgboost\trial_0008\model-20260531-181258-99dfe0c9-train20260611-014531
9,0.0031963243723211084,COMPLETE,0.9116170517985652,0.07570560102600175,7,5.563495126830525,2750,0.012746278466993523,0.8205186894549229,0.6558412233761917,256,C:\Users\jiaotong1\5080train\update\run_logs\publication-hpo-20260611-005517\artifacts\xgboost\trial_0009,"{'N_ESTIMATORS': 2750, 'LEARNING_RATE': 0.07570560102600175, 'MAX_DEPTH': 7, 'MIN_CHILD_WEIGHT': 5.563495126830525, 'SUBSAMPLE': 0.6558412233761917, 'COLSAMPLE_BYTREE': 0.9116170517985652, 'REG_LAMBDA': 0.8205186894549229, 'REG_ALPHA': 0.012746278466993523, 'WAVEFORM_FEATURE_COUNT': 256}","{'Samples': 3420, 'R2': 0.7975073906337992, 'MAE': 0.0006618545481865311, 'RMSE': 0.0012105447325819166, 'MAPE': 27.052331842442747, 'Bias': -0.0003964467679817017, 'SelectionScore': 0.0031963243723211084}",C:\Users\jiaotong1\5080train\update\run_logs\publication-hpo-20260611-005517\artifacts\xgboost\trial_0009\model-20260531-181258-99dfe0c9-train20260611-014553
10,0.0031254832363320556,COMPLETE,0.8773639869137313,0.017672154927648478,7,12.63193541478032,3000,0.026658648705152305,0.007575139789183262,0.8067852676680626,256,C:\Users\jiaotong1\5080train\update\run_logs\publication-hpo-20260611-005517\artifacts\xgboost\trial_0010,"{'N_ESTIMATORS': 3000, 'LEARNING_RATE': 0.017672154927648478, 'MAX_DEPTH': 7, 'MIN_CHILD_WEIGHT': 12.63193541478032, 'SUBSAMPLE': 0.8067852676680626, 'COLSAMPLE_BYTREE': 0.8773639869137313, 'REG_LAMBDA': 0.007575139789183262, 'REG_ALPHA': 0.026658648705152305, 'WAVEFORM_FEATURE_COUNT': 256}","{'Samples': 3420, 'R2': 0.8068165245696237, 'MAE': 0.0006321824282309264, 'RMSE': 0.0011823913430384393, 'MAPE': 24.623181360163837, 'Bias': -0.0003753465827119657, 'SelectionScore': 0.0031254832363320556}",C:\Users\jiaotong1\5080train\update\run_logs\publication-hpo-20260611-005517\artifacts\xgboost\trial_0010\model-20260531-181258-99dfe0c9-train20260611-014628
11,0.0027805603382891017,COMPLETE,0.9036252546890837,0.05839750065625433,5,9.168703214624184,2250,0.00017945306651947647,0.12758905517206837,0.8495462004750188,128,C:\Users\jiaotong1\5080train\update\run_logs\publication-hpo-20260611-005517\artifacts\xgboost\trial_0011,"{'N_ESTIMATORS': 2250, 'LEARNING_RATE': 0.05839750065625433, 'MAX_DEPTH': 5, 'MIN_CHILD_WEIGHT': 9.168703214624184, 'SUBSAMPLE': 0.8495462004750188, 'COLSAMPLE_BYTREE': 0.9036252546890837, 'REG_LAMBDA': 0.12758905517206837, 'REG_ALPHA': 0.00017945306651947647, 'WAVEFORM_FEATURE_COUNT': 128}","{'Samples': 3420, 'R2': 0.8422107627176509, 'MAE': 0.0006045679999167347, 'RMSE': 0.001068599440222468, 'MAPE': 26.684903399151406, 'Bias': -0.00034349720162640286, 'SelectionScore': 0.0027805603382891017}",C:\Users\jiaotong1\5080train\update\run_logs\publication-hpo-20260611-005517\artifacts\xgboost\trial_0011\model-20260531-181258-99dfe0c9-train20260611-014701
12,0.0030606557207576413,COMPLETE,0.8248536426765055,0.053511373531819666,5,9.144814579664947,4250,0.12497989594763685,0.005150447971581258,0.6671345982871155,256,C:\Users\jiaotong1\5080train\update\run_logs\publication-hpo-20260611-005517\artifacts\xgboost\trial_0012,"{'N_ESTIMATORS': 4250, 'LEARNING_RATE': 0.053511373531819666, 'MAX_DEPTH': 5, 'MIN_CHILD_WEIGHT': 9.144814579664947, 'SUBSAMPLE': 0.6671345982871155, 'COLSAMPLE_BYTREE': 0.8248536426765055, 'REG_LAMBDA': 0.005150447971581258, 'REG_ALPHA': 0.12497989594763685, 'WAVEFORM_FEATURE_COUNT': 256}","{'Samples': 3420, 'R2': 0.8104173719790617, 'MAE': 0.0006485274266788642, 'RMSE': 0.0011713199047658335, 'MAPE': 26.541184580382996, 'Bias': -0.0003924842319561614, 'SelectionScore': 0.0030606557207576413}",C:\Users\jiaotong1\5080train\update\run_logs\publication-hpo-20260611-005517\artifacts\xgboost\trial_0012\model-20260531-181258-99dfe0c9-train20260611-014712
13,0.003391138439980351,COMPLETE,0.9414897500789543,0.02712955630926069,4,9.644554963285003,2250,0.0009671806698288268,0.0016905867608333547,0.6070724157677945,384,C:\Users\jiaotong1\5080train\update\run_logs\publication-hpo-20260611-005517\artifacts\xgboost\trial_0013,"{'N_ESTIMATORS': 2250, 'LEARNING_RATE': 0.02712955630926069, 'MAX_DEPTH': 4, 'MIN_CHILD_WEIGHT': 9.644554963285003, 'SUBSAMPLE': 0.6070724157677945, 'COLSAMPLE_BYTREE': 0.9414897500789543, 'REG_LAMBDA': 0.0016905867608333547, 'REG_ALPHA': 0.0009671806698288268, 'WAVEFORM_FEATURE_COUNT': 384}","{'Samples': 3420, 'R2': 0.7747033002976693, 'MAE': 0.0006918877073194206, 'RMSE': 0.0012768905382635244, 'MAPE': 29.10885969443238, 'Bias': -0.0003806495758170319, 'SelectionScore': 0.003391138439980351}",C:\Users\jiaotong1\5080train\update\run_logs\publication-hpo-20260611-005517\artifacts\xgboost\trial_0013\model-20260531-181258-99dfe0c9-train20260611-014742
14,0.0027404774940373534,COMPLETE,0.7516703377296836,0.02862267782869388,6,8.271887347193847,4000,8.231358575619905e-06,0.24588975009790753,0.6726877646360453,128,C:\Users\jiaotong1\5080train\update\run_logs\publication-hpo-20260611-005517\artifacts\xgboost\trial_0014,"{'N_ESTIMATORS': 4000, 'LEARNING_RATE': 0.02862267782869388, 'MAX_DEPTH': 6, 'MIN_CHILD_WEIGHT': 8.271887347193847, 'SUBSAMPLE': 0.6726877646360453, 'COLSAMPLE_BYTREE': 0.7516703377296836, 'REG_LAMBDA': 0.24588975009790753, 'REG_ALPHA': 8.231358575619905e-06, 'WAVEFORM_FEATURE_COUNT': 128}","{'Samples': 3420, 'R2': 0.8474716251635677, 'MAE': 0.0005766512407003162, 'RMSE': 0.001050634300695716, 'MAPE': 24.48202366065166, 'Bias': -0.0002925457941319841, 'SelectionScore': 0.0027404774940373534}",C:\Users\jiaotong1\5080train\update\run_logs\publication-hpo-20260611-005517\artifacts\xgboost\trial_0014\model-20260531-181258-99dfe0c9-train20260611-014801
15,0.0031359385629616283,COMPLETE,0.7631992280664157,0.02799114015096148,8,12.074120465101599,4750,9.697367569125987e-06,1.0416795457567627,0.6566162390770373,128,C:\Users\jiaotong1\5080train\update\run_logs\publication-hpo-20260611-005517\artifacts\xgboost\trial_0015,"{'N_ESTIMATORS': 4750, 'LEARNING_RATE': 0.02799114015096148, 'MAX_DEPTH': 8, 'MIN_CHILD_WEIGHT': 12.074120465101599, 'SUBSAMPLE': 0.6566162390770373, 'COLSAMPLE_BYTREE': 0.7631992280664157, 'REG_LAMBDA': 1.0416795457567627, 'REG_ALPHA': 9.697367569125987e-06, 'WAVEFORM_FEATURE_COUNT': 128}","{'Samples': 3420, 'R2': 0.8063199781166882, 'MAE': 0.0006273192530419405, 'RMSE': 0.0011839099393914775, 'MAPE': 24.91725727802437, 'Bias': -0.000350425032954332, 'SelectionScore': 0.0031359385629616283}",C:\Users\jiaotong1\5080train\update\run_logs\publication-hpo-20260611-005517\artifacts\xgboost\trial_0015\model-20260531-181258-99dfe0c9-train20260611-014822
16,0.002789432521100875,COMPLETE,0.846083938727956,0.07634301373856188,4,3.5946615549553185,3500,2.0719712620127536e-05,3.208798550088664,0.7020184400788267,128,C:\Users\jiaotong1\5080train\update\run_logs\publication-hpo-20260611-005517\artifacts\xgboost\trial_0016,"{'N_ESTIMATORS': 3500, 'LEARNING_RATE': 0.07634301373856188, 'MAX_DEPTH': 4, 'MIN_CHILD_WEIGHT': 3.5946615549553185, 'SUBSAMPLE': 0.7020184400788267, 'COLSAMPLE_BYTREE': 0.846083938727956, 'REG_LAMBDA': 3.208798550088664, 'REG_ALPHA': 2.0719712620127536e-05, 'WAVEFORM_FEATURE_COUNT': 128}","{'Samples': 3420, 'R2': 0.8408162887425117, 'MAE': 0.0006078268290940813, 'RMSE': 0.0010733109665296836, 'MAPE': 28.142178549377984, 'Bias': -0.00030580059105062506, 'SelectionScore': 0.002789432521100875}",C:\Users\jiaotong1\5080train\update\run_logs\publication-hpo-20260611-005517\artifacts\xgboost\trial_0016\model-20260531-181258-99dfe0c9-train20260611-014907
17,0.0033254544160049777,COMPLETE,0.6479487775463317,0.014409798504095024,5,17.63107927284978,5000,8.866237005161332e-06,0.013953048875390854,0.6586454079825604,64,C:\Users\jiaotong1\5080train\update\run_logs\publication-hpo-20260611-005517\artifacts\xgboost\trial_0017,"{'N_ESTIMATORS': 5000, 'LEARNING_RATE': 0.014409798504095024, 'MAX_DEPTH': 5, 'MIN_CHILD_WEIGHT': 17.63107927284978, 'SUBSAMPLE': 0.6586454079825604, 'COLSAMPLE_BYTREE': 0.6479487775463317, 'REG_LAMBDA': 0.013953048875390854, 'REG_ALPHA': 8.866237005161332e-06, 'WAVEFORM_FEATURE_COUNT': 64}","{'Samples': 3420, 'R2': 0.7794973534055332, 'MAE': 0.0006939551884762184, 'RMSE': 0.0012632321120301312, 'MAPE': 28.90571176918402, 'Bias': -0.0004026545417215926, 'SelectionScore': 0.0033254544160049777}",C:\Users\jiaotong1\5080train\update\run_logs\publication-hpo-20260611-005517\artifacts\xgboost\trial_0017\model-20260531-181258-99dfe0c9-train20260611-014921
18,0.003119331316751216,COMPLETE,0.6867375847100524,0.012323838563739862,4,8.333817558298747,4250,1.6431756434932835e-06,5.523835475766703,0.6055432131349704,128,C:\Users\jiaotong1\5080train\update\run_logs\publication-hpo-20260611-005517\artifacts\xgboost\trial_0018,"{'N_ESTIMATORS': 4250, 'LEARNING_RATE': 0.012323838563739862, 'MAX_DEPTH': 4, 'MIN_CHILD_WEIGHT': 8.333817558298747, 'SUBSAMPLE': 0.6055432131349704, 'COLSAMPLE_BYTREE': 0.6867375847100524, 'REG_LAMBDA': 5.523835475766703, 'REG_ALPHA': 1.6431756434932835e-06, 'WAVEFORM_FEATURE_COUNT': 128}","{'Samples': 3420, 'R2': 0.8084948692165654, 'MAE': 0.000639044249572164, 'RMSE': 0.0011772439328788095, 'MAPE': 27.77156355203163, 'Bias': -0.0003401280614032296, 'SelectionScore': 0.003119331316751216}",C:\Users\jiaotong1\5080train\update\run_logs\publication-hpo-20260611-005517\artifacts\xgboost\trial_0018\model-20260531-181258-99dfe0c9-train20260611-014937
19,0.0029970911376962415,COMPLETE,0.6229341654955283,0.05386785338454535,5,6.418740744542432,2000,0.00012307747057326333,0.03961587858844235,0.6842657773277333,128,C:\Users\jiaotong1\5080train\update\run_logs\publication-hpo-20260611-005517\artifacts\xgboost\trial_0019,"{'N_ESTIMATORS': 2000, 'LEARNING_RATE': 0.05386785338454535, 'MAX_DEPTH': 5, 'MIN_CHILD_WEIGHT': 6.418740744542432, 'SUBSAMPLE': 0.6842657773277333, 'COLSAMPLE_BYTREE': 0.6229341654955283, 'REG_LAMBDA': 0.03961587858844235, 'REG_ALPHA': 0.00012307747057326333, 'WAVEFORM_FEATURE_COUNT': 128}","{'Samples': 3420, 'R2': 0.8219118624485859, 'MAE': 0.0006134777950732865, 'RMSE': 0.0011352558537326223, 'MAPE': 26.7770132007752, 'Bias': -0.0003236662427212711, 'SelectionScore': 0.0029970911376962415}",C:\Users\jiaotong1\5080train\update\run_logs\publication-hpo-20260611-005517\artifacts\xgboost\trial_0019\model-20260531-181258-99dfe0c9-train20260611-014954
20,0.002910034931696329,COMPLETE,0.6566193405611983,0.025131795678279126,5,2.169133237395026,4500,0.00011478010042372302,0.2049452296775492,0.7825871756767829,128,C:\Users\jiaotong1\5080train\update\run_logs\publication-hpo-20260611-005517\artifacts\xgboost\trial_0020,"{'N_ESTIMATORS': 4500, 'LEARNING_RATE': 0.025131795678279126, 'MAX_DEPTH': 5, 'MIN_CHILD_WEIGHT': 2.169133237395026, 'SUBSAMPLE': 0.7825871756767829, 'COLSAMPLE_BYTREE': 0.6566193405611983, 'REG_LAMBDA': 0.2049452296775492, 'REG_ALPHA': 0.00011478010042372302, 'WAVEFORM_FEATURE_COUNT': 128}","{'Samples': 3420, 'R2': 0.8303110999186014, 'MAE': 0.0006026592038768562, 'RMSE': 0.001108161279196891, 'MAPE': 25.24564485373662, 'Bias': -0.0003304354556234347, 'SelectionScore': 0.002910034931696329}",C:\Users\jiaotong1\5080train\update\run_logs\publication-hpo-20260611-005517\artifacts\xgboost\trial_0020\model-20260531-181258-99dfe0c9-train20260611-015004
21,0.002881748608519152,COMPLETE,0.8347927659546018,0.06827721576272361,5,3.6432186252735,4500,2.9823301431334077e-06,15.593447853576093,0.7527096063869477,128,C:\Users\jiaotong1\5080train\update\run_logs\publication-hpo-20260611-005517\artifacts\xgboost\trial_0021,"{'N_ESTIMATORS': 4500, 'LEARNING_RATE': 0.06827721576272361, 'MAX_DEPTH': 5, 'MIN_CHILD_WEIGHT': 3.6432186252735, 'SUBSAMPLE': 0.7527096063869477, 'COLSAMPLE_BYTREE': 0.8347927659546018, 'REG_LAMBDA': 15.593447853576093, 'REG_ALPHA': 2.9823301431334077e-06, 'WAVEFORM_FEATURE_COUNT': 128}","{'Samples': 3420, 'R2': 0.8322510314546923, 'MAE': 0.000610187089338383, 'RMSE': 0.0011018086640786843, 'MAPE': 26.415252738912955, 'Bias': -0.0003370070539274991, 'SelectionScore': 0.002881748608519152}",C:\Users\jiaotong1\5080train\update\run_logs\publication-hpo-20260611-005517\artifacts\xgboost\trial_0021\model-20260531-181258-99dfe0c9-train20260611-015024
22,0.003221073608582399,COMPLETE,0.8774904740976726,0.04701560604336549,3,2.0358304401412277,3500,8.64944493909023e-05,0.1624655526801559,0.6328493873014288,128,C:\Users\jiaotong1\5080train\update\run_logs\publication-hpo-20260611-005517\artifacts\xgboost\trial_0022,"{'N_ESTIMATORS': 3500, 'LEARNING_RATE': 0.04701560604336549, 'MAX_DEPTH': 3, 'MIN_CHILD_WEIGHT': 2.0358304401412277, 'SUBSAMPLE': 0.6328493873014288, 'COLSAMPLE_BYTREE': 0.8774904740976726, 'REG_LAMBDA': 0.1624655526801559, 'REG_ALPHA': 8.64944493909023e-05, 'WAVEFORM_FEATURE_COUNT': 128}","{'Samples': 3420, 'R2': 0.7923623150403087, 'MAE': 0.000694043013182019, 'RMSE': 0.0012258274518372942, 'MAPE': 31.349019838112294, 'Bias': -0.0003887684963681175, 'SelectionScore': 0.003221073608582399}",C:\Users\jiaotong1\5080train\update\run_logs\publication-hpo-20260611-005517\artifacts\xgboost\trial_0022\model-20260531-181258-99dfe0c9-train20260611-015044
