number,value,state,params_COLSAMPLE_BYTREE,params_LEARNING_RATE,params_MAX_DEPTH,params_MIN_CHILD_SAMPLES,params_NUM_LEAVES,params_N_ESTIMATORS,params_REG_ALPHA,params_REG_LAMBDA,params_SUBSAMPLE,params_WAVEFORM_FEATURE_COUNT,user_attrs_artifact_root,user_attrs_config_params,user_attrs_metrics,user_attrs_model_dir
0,0.00290551160524648,COMPLETE,0.9523810704554048,0.07126133537558624,-1,185,66,3000,8.341680811405702e-05,0.017723487660531036,0.9124009607889293,128,C:\Users\jiaotong1\5080train\update\run_logs\publication-hpo-20260611-005517\artifacts\lightgbm\trial_0000,"{'N_ESTIMATORS': 3000, 'LEARNING_RATE': 0.07126133537558624, 'NUM_LEAVES': 66, 'MAX_DEPTH': -1, 'MIN_CHILD_SAMPLES': 185, 'SUBSAMPLE': 0.9124009607889293, 'COLSAMPLE_BYTREE': 0.9523810704554048, 'REG_LAMBDA': 0.017723487660531036, 'REG_ALPHA': 8.341680811405702e-05, 'WAVEFORM_FEATURE_COUNT': 128}","{'Samples': 3420, 'R2': 0.8320227360785564, 'MAE': 0.000603397628307839, 'RMSE': 0.0011025581539328697, 'MAPE': 25.32816467935766, 'Bias': -0.0003055962483445027, 'SelectionScore': 0.00290551160524648}",C:\Users\jiaotong1\5080train\update\run_logs\publication-hpo-20260611-005517\artifacts\lightgbm\trial_0000\model-20260531-181258-99dfe0c9-train20260611-015934
1,0.003409494791167489,COMPLETE,0.7705901022324212,0.07798115491200724,16,124,19,1000,0.04690814833473403,0.009569638495683173,0.6004765093796335,64,C:\Users\jiaotong1\5080train\update\run_logs\publication-hpo-20260611-005517\artifacts\lightgbm\trial_0001,"{'N_ESTIMATORS': 1000, 'LEARNING_RATE': 0.07798115491200724, 'NUM_LEAVES': 19, 'MAX_DEPTH': 16, 'MIN_CHILD_SAMPLES': 124, 'SUBSAMPLE': 0.6004765093796335, 'COLSAMPLE_BYTREE': 0.7705901022324212, 'REG_LAMBDA': 0.009569638495683173, 'REG_ALPHA': 0.04690814833473403, 'WAVEFORM_FEATURE_COUNT': 64}","{'Samples': 3420, 'R2': 0.7725219893847223, 'MAE': 0.0006885705555287703, 'RMSE': 0.0012830570421205998, 'MAPE': 29.015478981650922, 'Bias': -0.00037167405857695747, 'SelectionScore': 0.003409494791167489}",C:\Users\jiaotong1\5080train\update\run_logs\publication-hpo-20260611-005517\artifacts\lightgbm\trial_0001\model-20260531-181258-99dfe0c9-train20260611-015947
2,0.0032686962438488423,COMPLETE,0.7587012222362282,0.07877480497931338,12,61,155,500,0.03418669734067779,3.93425768171703,0.8824463054179081,64,C:\Users\jiaotong1\5080train\update\run_logs\publication-hpo-20260611-005517\artifacts\lightgbm\trial_0002,"{'N_ESTIMATORS': 500, 'LEARNING_RATE': 0.07877480497931338, 'NUM_LEAVES': 155, 'MAX_DEPTH': 12, 'MIN_CHILD_SAMPLES': 61, 'SUBSAMPLE': 0.8824463054179081, 'COLSAMPLE_BYTREE': 0.7587012222362282, 'REG_LAMBDA': 3.93425768171703, 'REG_ALPHA': 0.03418669734067779, 'WAVEFORM_FEATURE_COUNT': 64}","{'Samples': 3420, 'R2': 0.7855235959440819, 'MAE': 0.0006842405612256667, 'RMSE': 0.0012458507377047733, 'MAPE': 26.470830704759692, 'Bias': -0.0004180224265836421, 'SelectionScore': 0.0032686962438488423}",C:\Users\jiaotong1\5080train\update\run_logs\publication-hpo-20260611-005517\artifacts\lightgbm\trial_0002\model-20260531-181258-99dfe0c9-train20260611-015950
3,0.003406996026525792,COMPLETE,0.9728859144551218,0.02229410663018044,16,27,66,4000,0.0002789852447623015,0.004879941545998067,0.9488319620201942,384,C:\Users\jiaotong1\5080train\update\run_logs\publication-hpo-20260611-005517\artifacts\lightgbm\trial_0003,"{'N_ESTIMATORS': 4000, 'LEARNING_RATE': 0.02229410663018044, 'NUM_LEAVES': 66, 'MAX_DEPTH': 16, 'MIN_CHILD_SAMPLES': 27, 'SUBSAMPLE': 0.9488319620201942, 'COLSAMPLE_BYTREE': 0.9728859144551218, 'REG_LAMBDA': 0.004879941545998067, 'REG_ALPHA': 0.0002789852447623015, 'WAVEFORM_FEATURE_COUNT': 384}","{'Samples': 3420, 'R2': 0.7761029495796771, 'MAE': 0.0006710086587192074, 'RMSE': 0.0012729180359728677, 'MAPE': 27.44699876402446, 'Bias': -0.00034085024267356296, 'SelectionScore': 0.003406996026525792}",C:\Users\jiaotong1\5080train\update\run_logs\publication-hpo-20260611-005517\artifacts\lightgbm\trial_0003\model-20260531-181258-99dfe0c9-train20260611-015955
4,0.0033773789085028818,COMPLETE,0.7929923274071122,0.009208590127369992,-1,103,36,3250,1.022815612986707,3.2873893739125037,0.6677296424975394,64,C:\Users\jiaotong1\5080train\update\run_logs\publication-hpo-20260611-005517\artifacts\lightgbm\trial_0004,"{'N_ESTIMATORS': 3250, 'LEARNING_RATE': 0.009208590127369992, 'NUM_LEAVES': 36, 'MAX_DEPTH': -1, 'MIN_CHILD_SAMPLES': 103, 'SUBSAMPLE': 0.6677296424975394, 'COLSAMPLE_BYTREE': 0.7929923274071122, 'REG_LAMBDA': 3.2873893739125037, 'REG_ALPHA': 1.022815612986707, 'WAVEFORM_FEATURE_COUNT': 64}","{'Samples': 3420, 'R2': 0.7767254854363603, 'MAE': 0.0006791634633764101, 'RMSE': 0.0012711471579739347, 'MAPE': 27.46392243025728, 'Bias': -0.0004058650938141159, 'SelectionScore': 0.0033773789085028818}",C:\Users\jiaotong1\5080train\update\run_logs\publication-hpo-20260611-005517\artifacts\lightgbm\trial_0004\model-20260531-181258-99dfe0c9-train20260611-020025
5,0.003714412540015876,COMPLETE,0.9420251614054769,0.007021506951292295,4,97,81,2750,0.10864662513278736,22.075242368970418,0.9042654043309163,64,C:\Users\jiaotong1\5080train\update\run_logs\publication-hpo-20260611-005517\artifacts\lightgbm\trial_0005,"{'N_ESTIMATORS': 2750, 'LEARNING_RATE': 0.007021506951292295, 'NUM_LEAVES': 81, 'MAX_DEPTH': 4, 'MIN_CHILD_SAMPLES': 97, 'SUBSAMPLE': 0.9042654043309163, 'COLSAMPLE_BYTREE': 0.9420251614054769, 'REG_LAMBDA': 22.075242368970418, 'REG_ALPHA': 0.10864662513278736, 'WAVEFORM_FEATURE_COUNT': 64}","{'Samples': 3420, 'R2': 0.7334862028742133, 'MAE': 0.0007381148568852624, 'RMSE': 0.001388788470307547, 'MAPE': 30.898555342431703, 'Bias': -0.0004423180796379337, 'SelectionScore': 0.003714412540015876}",C:\Users\jiaotong1\5080train\update\run_logs\publication-hpo-20260611-005517\artifacts\lightgbm\trial_0005\model-20260531-181258-99dfe0c9-train20260611-020035
6,0.0037805224378874673,COMPLETE,0.9571040619501695,0.008054053291509102,16,120,22,1000,1.0988151105698854e-06,0.13494352174959107,0.6810784968769766,384,C:\Users\jiaotong1\5080train\update\run_logs\publication-hpo-20260611-005517\artifacts\lightgbm\trial_0006,"{'N_ESTIMATORS': 1000, 'LEARNING_RATE': 0.008054053291509102, 'NUM_LEAVES': 22, 'MAX_DEPTH': 16, 'MIN_CHILD_SAMPLES': 120, 'SUBSAMPLE': 0.6810784968769766, 'COLSAMPLE_BYTREE': 0.9571040619501695, 'REG_LAMBDA': 0.13494352174959107, 'REG_ALPHA': 1.0988151105698854e-06, 'WAVEFORM_FEATURE_COUNT': 384}","{'Samples': 3420, 'R2': 0.7285845461035123, 'MAE': 0.0007197600058071751, 'RMSE': 0.001401501412748216, 'MAPE': 29.28751631478499, 'Bias': -0.0003984592568960349, 'SelectionScore': 0.0037805224378874673}",C:\Users\jiaotong1\5080train\update\run_logs\publication-hpo-20260611-005517\artifacts\lightgbm\trial_0006\model-20260531-181258-99dfe0c9-train20260611-020042
7,0.003067043780174308,COMPLETE,0.8310534702934422,0.0570760949519619,16,173,108,4500,4.066996915094536e-05,0.003562554681496916,0.6564341223556377,256,C:\Users\jiaotong1\5080train\update\run_logs\publication-hpo-20260611-005517\artifacts\lightgbm\trial_0007,"{'N_ESTIMATORS': 4500, 'LEARNING_RATE': 0.0570760949519619, 'NUM_LEAVES': 108, 'MAX_DEPTH': 16, 'MIN_CHILD_SAMPLES': 173, 'SUBSAMPLE': 0.6564341223556377, 'COLSAMPLE_BYTREE': 0.8310534702934422, 'REG_LAMBDA': 0.003562554681496916, 'REG_ALPHA': 4.066996915094536e-05, 'WAVEFORM_FEATURE_COUNT': 256}","{'Samples': 3420, 'R2': 0.811385981966254, 'MAE': 0.0006368621712431842, 'RMSE': 0.0011683238364055743, 'MAPE': 24.934273324847034, 'Bias': -0.0003838917120080493, 'SelectionScore': 0.003067043780174308}",C:\Users\jiaotong1\5080train\update\run_logs\publication-hpo-20260611-005517\artifacts\lightgbm\trial_0007\model-20260531-181258-99dfe0c9-train20260611-020052
8,0.003287723762694446,COMPLETE,0.8879539788190486,0.04388964342827824,-1,189,141,2500,0.05735642799418346,0.0769111699970304,0.9865790287667695,64,C:\Users\jiaotong1\5080train\update\run_logs\publication-hpo-20260611-005517\artifacts\lightgbm\trial_0008,"{'N_ESTIMATORS': 2500, 'LEARNING_RATE': 0.04388964342827824, 'NUM_LEAVES': 141, 'MAX_DEPTH': -1, 'MIN_CHILD_SAMPLES': 189, 'SUBSAMPLE': 0.9865790287667695, 'COLSAMPLE_BYTREE': 0.8879539788190486, 'REG_LAMBDA': 0.0769111699970304, 'REG_ALPHA': 0.05735642799418346, 'WAVEFORM_FEATURE_COUNT': 64}","{'Samples': 3420, 'R2': 0.7825965252926061, 'MAE': 0.0006864561040235022, 'RMSE': 0.0012543233136346047, 'MAPE': 26.64791744440035, 'Bias': -0.0004298362414130429, 'SelectionScore': 0.003287723762694446}",C:\Users\jiaotong1\5080train\update\run_logs\publication-hpo-20260611-005517\artifacts\lightgbm\trial_0008\model-20260531-181258-99dfe0c9-train20260611-020118
9,0.0030008507735161073,COMPLETE,0.9408771750728195,0.04706310412537891,10,125,22,3000,8.234758359956886e-05,0.03578273899176176,0.8895921719806423,128,C:\Users\jiaotong1\5080train\update\run_logs\publication-hpo-20260611-005517\artifacts\lightgbm\trial_0009,"{'N_ESTIMATORS': 3000, 'LEARNING_RATE': 0.04706310412537891, 'NUM_LEAVES': 22, 'MAX_DEPTH': 10, 'MIN_CHILD_SAMPLES': 125, 'SUBSAMPLE': 0.8895921719806423, 'COLSAMPLE_BYTREE': 0.9408771750728195, 'REG_LAMBDA': 0.03578273899176176, 'REG_ALPHA': 8.234758359956886e-05, 'WAVEFORM_FEATURE_COUNT': 128}","{'Samples': 3420, 'R2': 0.8204823454865832, 'MAE': 0.0006245839219899354, 'RMSE': 0.0011398031072153195, 'MAPE': 27.26282728023231, 'Bias': -0.0003325089378031095, 'SelectionScore': 0.0030008507735161073}",C:\Users\jiaotong1\5080train\update\run_logs\publication-hpo-20260611-005517\artifacts\lightgbm\trial_0009\model-20260531-181258-99dfe0c9-train20260611-020132
10,0.003025697071868426,COMPLETE,0.7906151452431516,0.03175734630610678,16,164,75,1250,7.515636608471813e-05,0.00774399285035357,0.9366510405478625,128,C:\Users\jiaotong1\5080train\update\run_logs\publication-hpo-20260611-005517\artifacts\lightgbm\trial_0010,"{'N_ESTIMATORS': 1250, 'LEARNING_RATE': 0.03175734630610678, 'NUM_LEAVES': 75, 'MAX_DEPTH': 16, 'MIN_CHILD_SAMPLES': 164, 'SUBSAMPLE': 0.9366510405478625, 'COLSAMPLE_BYTREE': 0.7906151452431516, 'REG_LAMBDA': 0.00774399285035357, 'REG_ALPHA': 7.515636608471813e-05, 'WAVEFORM_FEATURE_COUNT': 128}","{'Samples': 3420, 'R2': 0.8179058060185124, 'MAE': 0.0006257294230277688, 'RMSE': 0.0011479535177683403, 'MAPE': 25.529012119785207, 'Bias': -0.0003608025514006585, 'SelectionScore': 0.003025697071868426}",C:\Users\jiaotong1\5080train\update\run_logs\publication-hpo-20260611-005517\artifacts\lightgbm\trial_0010\model-20260531-181258-99dfe0c9-train20260611-020141
11,0.002951596142544694,COMPLETE,0.9588339255284647,0.05402523062249084,-1,162,49,3500,3.855498754268721e-05,0.04887402717161549,0.9778507967394059,128,C:\Users\jiaotong1\5080train\update\run_logs\publication-hpo-20260611-005517\artifacts\lightgbm\trial_0011,"{'N_ESTIMATORS': 3500, 'LEARNING_RATE': 0.05402523062249084, 'NUM_LEAVES': 49, 'MAX_DEPTH': -1, 'MIN_CHILD_SAMPLES': 162, 'SUBSAMPLE': 0.9778507967394059, 'COLSAMPLE_BYTREE': 0.9588339255284647, 'REG_LAMBDA': 0.04887402717161549, 'REG_ALPHA': 3.855498754268721e-05, 'WAVEFORM_FEATURE_COUNT': 128}","{'Samples': 3420, 'R2': 0.8254596317307548, 'MAE': 0.000617623300178504, 'RMSE': 0.001123891011479949, 'MAPE': 26.028854349776175, 'Bias': -0.0003439738502903332, 'SelectionScore': 0.002951596142544694}",C:\Users\jiaotong1\5080train\update\run_logs\publication-hpo-20260611-005517\artifacts\lightgbm\trial_0011\model-20260531-181258-99dfe0c9-train20260611-020148
12,0.003303002576618083,COMPLETE,0.752574423017544,0.060309516649916274,-1,157,43,4250,1.2202207118443977e-05,0.00779533889333803,0.965947294167292,64,C:\Users\jiaotong1\5080train\update\run_logs\publication-hpo-20260611-005517\artifacts\lightgbm\trial_0012,"{'N_ESTIMATORS': 4250, 'LEARNING_RATE': 0.060309516649916274, 'NUM_LEAVES': 43, 'MAX_DEPTH': -1, 'MIN_CHILD_SAMPLES': 157, 'SUBSAMPLE': 0.965947294167292, 'COLSAMPLE_BYTREE': 0.752574423017544, 'REG_LAMBDA': 0.00779533889333803, 'REG_ALPHA': 1.2202207118443977e-05, 'WAVEFORM_FEATURE_COUNT': 64}","{'Samples': 3420, 'R2': 0.7832204267044566, 'MAE': 0.000673029727100286, 'RMSE': 0.0012525222008662146, 'MAPE': 26.57548387910197, 'Bias': -0.00040517284307460674, 'SelectionScore': 0.003303002576618083}",C:\Users\jiaotong1\5080train\update\run_logs\publication-hpo-20260611-005517\artifacts\lightgbm\trial_0012\model-20260531-181258-99dfe0c9-train20260611-020201
13,0.003426986203040336,COMPLETE,0.9929849084590611,0.03452815369287996,-1,180,98,2000,0.00010849787688669677,0.0018500260252263892,0.9007957320502075,384,C:\Users\jiaotong1\5080train\update\run_logs\publication-hpo-20260611-005517\artifacts\lightgbm\trial_0013,"{'N_ESTIMATORS': 2000, 'LEARNING_RATE': 0.03452815369287996, 'NUM_LEAVES': 98, 'MAX_DEPTH': -1, 'MIN_CHILD_SAMPLES': 180, 'SUBSAMPLE': 0.9007957320502075, 'COLSAMPLE_BYTREE': 0.9929849084590611, 'REG_LAMBDA': 0.0018500260252263892, 'REG_ALPHA': 0.00010849787688669677, 'WAVEFORM_FEATURE_COUNT': 384}","{'Samples': 3420, 'R2': 0.7727254600329005, 'MAE': 0.0006745492759692853, 'RMSE': 0.0012824830902657708, 'MAPE': 26.619525654463157, 'Bias': -0.0003587921875953071, 'SelectionScore': 0.003426986203040336}",C:\Users\jiaotong1\5080train\update\run_logs\publication-hpo-20260611-005517\artifacts\lightgbm\trial_0013\model-20260531-181258-99dfe0c9-train20260611-020211
14,0.003122683751656764,COMPLETE,0.9479073907664787,0.03747686787317185,-1,135,127,1250,5.1645800983972174e-05,0.975830274089067,0.9054210333535849,128,C:\Users\jiaotong1\5080train\update\run_logs\publication-hpo-20260611-005517\artifacts\lightgbm\trial_0014,"{'N_ESTIMATORS': 1250, 'LEARNING_RATE': 0.03747686787317185, 'NUM_LEAVES': 127, 'MAX_DEPTH': -1, 'MIN_CHILD_SAMPLES': 135, 'SUBSAMPLE': 0.9054210333535849, 'COLSAMPLE_BYTREE': 0.9479073907664787, 'REG_LAMBDA': 0.975830274089067, 'REG_ALPHA': 5.1645800983972174e-05, 'WAVEFORM_FEATURE_COUNT': 128}","{'Samples': 3420, 'R2': 0.8077101556820458, 'MAE': 0.000637069583162405, 'RMSE': 0.0011796534109831602, 'MAPE': 25.45967028638221, 'Bias': -0.0003611829696504902, 'SelectionScore': 0.003122683751656764}",C:\Users\jiaotong1\5080train\update\run_logs\publication-hpo-20260611-005517\artifacts\lightgbm\trial_0014\model-20260531-181258-99dfe0c9-train20260611-020233
15,0.002940545778121226,COMPLETE,0.9840707309979363,0.06870796671633173,10,191,87,5000,5.487677162627412e-06,0.004268849813825699,0.9194818426280018,128,C:\Users\jiaotong1\5080train\update\run_logs\publication-hpo-20260611-005517\artifacts\lightgbm\trial_0015,"{'N_ESTIMATORS': 5000, 'LEARNING_RATE': 0.06870796671633173, 'NUM_LEAVES': 87, 'MAX_DEPTH': 10, 'MIN_CHILD_SAMPLES': 191, 'SUBSAMPLE': 0.9194818426280018, 'COLSAMPLE_BYTREE': 0.9840707309979363, 'REG_LAMBDA': 0.004268849813825699, 'REG_ALPHA': 5.487677162627412e-06, 'WAVEFORM_FEATURE_COUNT': 128}","{'Samples': 3420, 'R2': 0.8258267022510462, 'MAE': 0.0006199725026840364, 'RMSE': 0.0011227085790298053, 'MAPE': 26.045418809220905, 'Bias': -0.0003435254666170316, 'SelectionScore': 0.002940545778121226}",C:\Users\jiaotong1\5080train\update\run_logs\publication-hpo-20260611-005517\artifacts\lightgbm\trial_0015\model-20260531-181258-99dfe0c9-train20260611-020243
16,0.002913210907609416,COMPLETE,0.9408027960451748,0.059269983737302565,8,184,54,4750,2.9849955224055462e-05,0.0010370466048539265,0.7925367168133853,128,C:\Users\jiaotong1\5080train\update\run_logs\publication-hpo-20260611-005517\artifacts\lightgbm\trial_0016,"{'N_ESTIMATORS': 4750, 'LEARNING_RATE': 0.059269983737302565, 'NUM_LEAVES': 54, 'MAX_DEPTH': 8, 'MIN_CHILD_SAMPLES': 184, 'SUBSAMPLE': 0.7925367168133853, 'COLSAMPLE_BYTREE': 0.9408027960451748, 'REG_LAMBDA': 0.0010370466048539265, 'REG_ALPHA': 2.9849955224055462e-05, 'WAVEFORM_FEATURE_COUNT': 128}","{'Samples': 3420, 'R2': 0.8273978500682683, 'MAE': 0.0006230251940648582, 'RMSE': 0.0011176333546641993, 'MAPE': 26.058587754830544, 'Bias': -0.0003505219037390295, 'SelectionScore': 0.002913210907609416}",C:\Users\jiaotong1\5080train\update\run_logs\publication-hpo-20260611-005517\artifacts\lightgbm\trial_0016\model-20260531-181258-99dfe0c9-train20260611-020301
17,0.00293785497874648,COMPLETE,0.9417875028526681,0.03202276122738405,8,195,86,4500,4.335790677690545e-05,0.006248367224869386,0.7490396619685578,128,C:\Users\jiaotong1\5080train\update\run_logs\publication-hpo-20260611-005517\artifacts\lightgbm\trial_0017,"{'N_ESTIMATORS': 4500, 'LEARNING_RATE': 0.03202276122738405, 'NUM_LEAVES': 86, 'MAX_DEPTH': 8, 'MIN_CHILD_SAMPLES': 195, 'SUBSAMPLE': 0.7490396619685578, 'COLSAMPLE_BYTREE': 0.9417875028526681, 'REG_LAMBDA': 0.006248367224869386, 'REG_ALPHA': 4.335790677690545e-05, 'WAVEFORM_FEATURE_COUNT': 128}","{'Samples': 3420, 'R2': 0.8280331735161148, 'MAE': 0.0006077617465075358, 'RMSE': 0.001115574535328428, 'MAPE': 25.02351632592038, 'Bias': -0.00033947443642342765, 'SelectionScore': 0.00293785497874648}",C:\Users\jiaotong1\5080train\update\run_logs\publication-hpo-20260611-005517\artifacts\lightgbm\trial_0017\model-20260531-181258-99dfe0c9-train20260611-020315
18,0.0033697615217938987,COMPLETE,0.9755145513762228,0.032447625202652645,8,159,20,4500,9.084664918214192e-06,0.004025455379369706,0.8078631538805452,64,C:\Users\jiaotong1\5080train\update\run_logs\publication-hpo-20260611-005517\artifacts\lightgbm\trial_0018,"{'N_ESTIMATORS': 4500, 'LEARNING_RATE': 0.032447625202652645, 'NUM_LEAVES': 20, 'MAX_DEPTH': 8, 'MIN_CHILD_SAMPLES': 159, 'SUBSAMPLE': 0.8078631538805452, 'COLSAMPLE_BYTREE': 0.9755145513762228, 'REG_LAMBDA': 0.004025455379369706, 'REG_ALPHA': 9.084664918214192e-06, 'WAVEFORM_FEATURE_COUNT': 64}","{'Samples': 3420, 'R2': 0.7760071041812265, 'MAE': 0.0006776392118030682, 'RMSE': 0.0012731904609158985, 'MAPE': 28.251307475168993, 'Bias': -0.00038731627493130175, 'SelectionScore': 0.0033697615217938987}",C:\Users\jiaotong1\5080train\update\run_logs\publication-hpo-20260611-005517\artifacts\lightgbm\trial_0018\model-20260531-181258-99dfe0c9-train20260611-020329
19,0.0031300741049570995,COMPLETE,0.9122932233070478,0.03542217857759024,8,156,70,4250,0.10349013403530222,0.0030020453333925536,0.9468528183494451,256,C:\Users\jiaotong1\5080train\update\run_logs\publication-hpo-20260611-005517\artifacts\lightgbm\trial_0019,"{'N_ESTIMATORS': 4250, 'LEARNING_RATE': 0.03542217857759024, 'NUM_LEAVES': 70, 'MAX_DEPTH': 8, 'MIN_CHILD_SAMPLES': 156, 'SUBSAMPLE': 0.9468528183494451, 'COLSAMPLE_BYTREE': 0.9122932233070478, 'REG_LAMBDA': 0.0030020453333925536, 'REG_ALPHA': 0.10349013403530222, 'WAVEFORM_FEATURE_COUNT': 256}","{'Samples': 3420, 'R2': 0.8046727653892265, 'MAE': 0.0006439014342790258, 'RMSE': 0.0011889337477871509, 'MAPE': 25.49942210803491, 'Bias': -0.00039828840427439077, 'SelectionScore': 0.0031300741049570995}",C:\Users\jiaotong1\5080train\update\run_logs\publication-hpo-20260611-005517\artifacts\lightgbm\trial_0019\model-20260531-181258-99dfe0c9-train20260611-020339
20,0.0030075837778994457,COMPLETE,0.8402524629875678,0.03979395856452557,16,165,25,3000,2.3535962988100686e-05,0.0017291077826940174,0.7576190069484019,128,C:\Users\jiaotong1\5080train\update\run_logs\publication-hpo-20260611-005517\artifacts\lightgbm\trial_0020,"{'N_ESTIMATORS': 3000, 'LEARNING_RATE': 0.03979395856452557, 'NUM_LEAVES': 25, 'MAX_DEPTH': 16, 'MIN_CHILD_SAMPLES': 165, 'SUBSAMPLE': 0.7576190069484019, 'COLSAMPLE_BYTREE': 0.8402524629875678, 'REG_LAMBDA': 0.0017291077826940174, 'REG_ALPHA': 2.3535962988100686e-05, 'WAVEFORM_FEATURE_COUNT': 128}","{'Samples': 3420, 'R2': 0.8196669311108151, 'MAE': 0.0006215522181861555, 'RMSE': 0.0011423888106276898, 'MAPE': 26.488762658924475, 'Bias': -0.000335428763905147, 'SelectionScore': 0.0030075837778994457}",C:\Users\jiaotong1\5080train\update\run_logs\publication-hpo-20260611-005517\artifacts\lightgbm\trial_0020\model-20260531-181258-99dfe0c9-train20260611-020358
21,0.00299869890673852,COMPLETE,0.8572966457070932,0.025741715203010603,8,194,160,3750,1.036690363447721e-06,0.005080358538800735,0.7433183597372768,128,C:\Users\jiaotong1\5080train\update\run_logs\publication-hpo-20260611-005517\artifacts\lightgbm\trial_0021,"{'N_ESTIMATORS': 3750, 'LEARNING_RATE': 0.025741715203010603, 'NUM_LEAVES': 160, 'MAX_DEPTH': 8, 'MIN_CHILD_SAMPLES': 194, 'SUBSAMPLE': 0.7433183597372768, 'COLSAMPLE_BYTREE': 0.8572966457070932, 'REG_LAMBDA': 0.005080358538800735, 'REG_ALPHA': 1.036690363447721e-06, 'WAVEFORM_FEATURE_COUNT': 128}","{'Samples': 3420, 'R2': 0.8201999590783381, 'MAE': 0.0006218791381918263, 'RMSE': 0.0011406992264026052, 'MAPE': 25.474265628307315, 'Bias': -0.0003428932562108814, 'SelectionScore': 0.00299869890673852}",C:\Users\jiaotong1\5080train\update\run_logs\publication-hpo-20260611-005517\artifacts\lightgbm\trial_0021\model-20260531-181258-99dfe0c9-train20260611-020407
22,0.003061529078745949,COMPLETE,0.9691334401695881,0.017780290406570896,8,158,60,5000,0.01377995727307063,0.019319243715229778,0.6977986504639626,128,C:\Users\jiaotong1\5080train\update\run_logs\publication-hpo-20260611-005517\artifacts\lightgbm\trial_0022,"{'N_ESTIMATORS': 5000, 'LEARNING_RATE': 0.017780290406570896, 'NUM_LEAVES': 60, 'MAX_DEPTH': 8, 'MIN_CHILD_SAMPLES': 158, 'SUBSAMPLE': 0.6977986504639626, 'COLSAMPLE_BYTREE': 0.9691334401695881, 'REG_LAMBDA': 0.019319243715229778, 'REG_ALPHA': 0.01377995727307063, 'WAVEFORM_FEATURE_COUNT': 128}","{'Samples': 3420, 'R2': 0.8149285583264569, 'MAE': 0.0006348914763991655, 'RMSE': 0.0011573000127953577, 'MAPE': 26.402619965023828, 'Bias': -0.0003607633570028576, 'SelectionScore': 0.003061529078745949}",C:\Users\jiaotong1\5080train\update\run_logs\publication-hpo-20260611-005517\artifacts\lightgbm\trial_0022\model-20260531-181258-99dfe0c9-train20260611-020419
