number,value,state,params_COLSAMPLE_BYTREE,params_LEARNING_RATE,params_MAX_DEPTH,params_MIN_CHILD_SAMPLES,params_NUM_LEAVES,params_N_ESTIMATORS,params_REG_ALPHA,params_REG_LAMBDA,params_SUBSAMPLE,params_WAVEFORM_FEATURE_COUNT,user_attrs_artifact_root,user_attrs_config_params,user_attrs_metrics,user_attrs_model_dir
46,0.003508836268971835,COMPLETE,0.6524327339819899,0.0790723816488877,4,189,217,4500,1.5552883030760646e-06,4.604465031201923,0.7163576132067309,64,C:\Users\jiaotong1\5080train\update\run_logs\publication-hpo-20260611-005517\artifacts\lightgbm\trial_0046,"{'N_ESTIMATORS': 4500, 'LEARNING_RATE': 0.0790723816488877, 'NUM_LEAVES': 217, 'MAX_DEPTH': 4, 'MIN_CHILD_SAMPLES': 189, 'SUBSAMPLE': 0.7163576132067309, 'COLSAMPLE_BYTREE': 0.6524327339819899, 'REG_LAMBDA': 4.604465031201923, 'REG_ALPHA': 1.5552883030760646e-06, 'WAVEFORM_FEATURE_COUNT': 64}","{'Samples': 3420, 'R2': 0.7561952849324064, 'MAE': 0.0007041227160406464, 'RMSE': 0.0013283034605991756, 'MAPE': 28.304981229725335, 'Bias': -0.00045046201127896685, 'SelectionScore': 0.003508836268971835}",C:\Users\jiaotong1\5080train\update\run_logs\publication-hpo-20260611-005517\artifacts\lightgbm\trial_0046\model-20260531-181258-99dfe0c9-train20260611-021002
47,0.0030268308431783244,COMPLETE,0.7188172914803475,0.07017158593482797,10,166,50,4250,2.2486290777802787e-05,0.0026810189505000847,0.759390763264679,128,C:\Users\jiaotong1\5080train\update\run_logs\publication-hpo-20260611-005517\artifacts\lightgbm\trial_0047,"{'N_ESTIMATORS': 4250, 'LEARNING_RATE': 0.07017158593482797, 'NUM_LEAVES': 50, 'MAX_DEPTH': 10, 'MIN_CHILD_SAMPLES': 166, 'SUBSAMPLE': 0.759390763264679, 'COLSAMPLE_BYTREE': 0.7188172914803475, 'REG_LAMBDA': 0.0026810189505000847, 'REG_ALPHA': 2.2486290777802787e-05, 'WAVEFORM_FEATURE_COUNT': 128}","{'Samples': 3420, 'R2': 0.8177207811790618, 'MAE': 0.0006189830760889357, 'RMSE': 0.001148536584102024, 'MAPE': 25.69102428752382, 'Bias': -0.0003384977524979781, 'SelectionScore': 0.0030268308431783244}",C:\Users\jiaotong1\5080train\update\run_logs\publication-hpo-20260611-005517\artifacts\lightgbm\trial_0047\model-20260531-181258-99dfe0c9-train20260611-021009
48,0.0030263611081834977,COMPLETE,0.8100381029628843,0.057414813211201426,4,141,86,4750,4.69551042673188e-06,6.069860688322484,0.7990255600709125,256,C:\Users\jiaotong1\5080train\update\run_logs\publication-hpo-20260611-005517\artifacts\lightgbm\trial_0048,"{'N_ESTIMATORS': 4750, 'LEARNING_RATE': 0.057414813211201426, 'NUM_LEAVES': 86, 'MAX_DEPTH': 4, 'MIN_CHILD_SAMPLES': 141, 'SUBSAMPLE': 0.7990255600709125, 'COLSAMPLE_BYTREE': 0.8100381029628843, 'REG_LAMBDA': 6.069860688322484, 'REG_ALPHA': 4.69551042673188e-06, 'WAVEFORM_FEATURE_COUNT': 256}","{'Samples': 3420, 'R2': 0.8128147340916908, 'MAE': 0.0006462167363743152, 'RMSE': 0.0011638903951725259, 'MAPE': 28.06050630130286, 'Bias': -0.00039599316442621123, 'SelectionScore': 0.0030263611081834977}",C:\Users\jiaotong1\5080train\update\run_logs\publication-hpo-20260611-005517\artifacts\lightgbm\trial_0048\model-20260531-181258-99dfe0c9-train20260611-021022
49,0.002930345047445906,COMPLETE,0.6514472691694339,0.06340663796845199,-1,164,108,5000,6.3221635214208825e-06,13.972730066098256,0.6623567780974895,128,C:\Users\jiaotong1\5080train\update\run_logs\publication-hpo-20260611-005517\artifacts\lightgbm\trial_0049,"{'N_ESTIMATORS': 5000, 'LEARNING_RATE': 0.06340663796845199, 'NUM_LEAVES': 108, 'MAX_DEPTH': -1, 'MIN_CHILD_SAMPLES': 164, 'SUBSAMPLE': 0.6623567780974895, 'COLSAMPLE_BYTREE': 0.6514472691694339, 'REG_LAMBDA': 13.972730066098256, 'REG_ALPHA': 6.3221635214208825e-06, 'WAVEFORM_FEATURE_COUNT': 128}","{'Samples': 3420, 'R2': 0.8282132297516333, 'MAE': 0.0006087931621514623, 'RMSE': 0.001114990356502565, 'MAPE': 24.921949704508375, 'Bias': -0.00033381292837834497, 'SelectionScore': 0.002930345047445906}",C:\Users\jiaotong1\5080train\update\run_logs\publication-hpo-20260611-005517\artifacts\lightgbm\trial_0049\model-20260531-181258-99dfe0c9-train20260611-021035
