number,value,state,params_BATCH_SIZE,params_EARLY_STOPPING_PATIENCE,params_LEARNING_RATE,params_MLP_BLOCK_COUNT,params_MLP_DROPOUT,params_MLP_HIDDEN_DIM,params_MLP_HIDDEN_MULT,params_SMOOTH_L1_BETA,params_WAVEFORM_FEATURE_COUNT,params_WEIGHT_DECAY,user_attrs_artifact_root,user_attrs_config_params,user_attrs_metrics,user_attrs_model_dir
0,0.004576126199488044,COMPLETE,1024,20,3.6523445142496034e-05,5,0.19481941801024077,192,4,2.0,384,0.000103065828456091,C:\Users\jiaotong1\5080train\update\run_logs\publication-hpo-20260611-005517\artifacts\mlp\trial_0000,"{'BATCH_SIZE': 1024, 'LEARNING_RATE': 3.6523445142496034e-05, 'WEIGHT_DECAY': 0.000103065828456091, 'SMOOTH_L1_BETA': 2.0, 'EARLY_STOPPING_PATIENCE': 20, 'MLP_HIDDEN_DIM': 192, 'MLP_BLOCK_COUNT': 5, 'MLP_HIDDEN_MULT': 4, 'MLP_DROPOUT': 0.19481941801024077, 'WAVEFORM_FEATURE_COUNT': 384}","{'Samples': 3420, 'R2': 0.5426681552193573, 'MAE': 0.0010775991219980753, 'RMSE': 0.0018192482902550525, 'MAPE': 46.00550542095469, 'Bias': -0.0006875424251662595, 'SelectionScore': 0.004576126199488044, 'phase': 'val'}",C:\Users\jiaotong1\5080train\update\run_logs\publication-hpo-20260611-005517\artifacts\mlp\trial_0000\model-20260531-181258-99dfe0c9-train20260611-024935
1,0.003289565539918347,COMPLETE,256,15,0.0005337249994285557,4,0.2507484867457162,256,3,2.0,384,0.0002739451110221816,C:\Users\jiaotong1\5080train\update\run_logs\publication-hpo-20260611-005517\artifacts\mlp\trial_0001,"{'BATCH_SIZE': 256, 'LEARNING_RATE': 0.0005337249994285557, 'WEIGHT_DECAY': 0.0002739451110221816, 'SMOOTH_L1_BETA': 2.0, 'EARLY_STOPPING_PATIENCE': 15, 'MLP_HIDDEN_DIM': 256, 'MLP_BLOCK_COUNT': 4, 'MLP_HIDDEN_MULT': 3, 'MLP_DROPOUT': 0.2507484867457162, 'WAVEFORM_FEATURE_COUNT': 384}","{'Samples': 3420, 'R2': 0.767672482034956, 'MAE': 0.0007811423290221634, 'RMSE': 0.0012966613929327791, 'MAPE': 31.22885587652094, 'Bias': -0.0005584020695460444, 'SelectionScore': 0.003289565539918347, 'phase': 'val'}",C:\Users\jiaotong1\5080train\update\run_logs\publication-hpo-20260611-005517\artifacts\mlp\trial_0001\model-20260531-181258-99dfe0c9-train20260611-025014
2,0.004158229821074518,COMPLETE,256,15,1.3760008899802374e-05,3,0.2608260903882223,384,2,2.0,384,1.6355292386610658e-06,C:\Users\jiaotong1\5080train\update\run_logs\publication-hpo-20260611-005517\artifacts\mlp\trial_0002,"{'BATCH_SIZE': 256, 'LEARNING_RATE': 1.3760008899802374e-05, 'WEIGHT_DECAY': 1.6355292386610658e-06, 'SMOOTH_L1_BETA': 2.0, 'EARLY_STOPPING_PATIENCE': 15, 'MLP_HIDDEN_DIM': 384, 'MLP_BLOCK_COUNT': 3, 'MLP_HIDDEN_MULT': 2, 'MLP_DROPOUT': 0.2608260903882223, 'WAVEFORM_FEATURE_COUNT': 384}","{'Samples': 3420, 'R2': 0.6320896754826143, 'MAE': 0.0009043601117767336, 'RMSE': 0.00163172602988664, 'MAPE': 35.27883777414087, 'Bias': -0.0006155468993620693, 'SelectionScore': 0.004158229821074518, 'phase': 'val'}",C:\Users\jiaotong1\5080train\update\run_logs\publication-hpo-20260611-005517\artifacts\mlp\trial_0002\model-20260531-181258-99dfe0c9-train20260611-025109
3,0.0029383471012720853,COMPLETE,1024,20,0.0022944566724476616,5,0.1900013835729869,512,2,2.0,128,2.0199254142261785e-05,C:\Users\jiaotong1\5080train\update\run_logs\publication-hpo-20260611-005517\artifacts\mlp\trial_0003,"{'BATCH_SIZE': 1024, 'LEARNING_RATE': 0.0022944566724476616, 'WEIGHT_DECAY': 2.0199254142261785e-05, 'SMOOTH_L1_BETA': 2.0, 'EARLY_STOPPING_PATIENCE': 20, 'MLP_HIDDEN_DIM': 512, 'MLP_BLOCK_COUNT': 5, 'MLP_HIDDEN_MULT': 2, 'MLP_DROPOUT': 0.1900013835729869, 'WAVEFORM_FEATURE_COUNT': 128}","{'Samples': 3420, 'R2': 0.8186072193139607, 'MAE': 0.0006339862327157266, 'RMSE': 0.0011457404687904241, 'MAPE': 23.479432691039545, 'Bias': -0.00043890689038389056, 'SelectionScore': 0.0029383471012720853, 'phase': 'val'}",C:\Users\jiaotong1\5080train\update\run_logs\publication-hpo-20260611-005517\artifacts\mlp\trial_0003\model-20260531-181258-99dfe0c9-train20260611-025203
4,0.004557703295139951,COMPLETE,1024,30,0.0003779667654213013,4,0.09275589839587947,192,3,2.0,256,2.100788543507889e-05,C:\Users\jiaotong1\5080train\update\run_logs\publication-hpo-20260611-005517\artifacts\mlp\trial_0004,"{'BATCH_SIZE': 1024, 'LEARNING_RATE': 0.0003779667654213013, 'WEIGHT_DECAY': 2.100788543507889e-05, 'SMOOTH_L1_BETA': 2.0, 'EARLY_STOPPING_PATIENCE': 30, 'MLP_HIDDEN_DIM': 192, 'MLP_BLOCK_COUNT': 4, 'MLP_HIDDEN_MULT': 3, 'MLP_DROPOUT': 0.09275589839587947, 'WAVEFORM_FEATURE_COUNT': 256}","{'Samples': 3420, 'R2': 0.5528048110977803, 'MAE': 0.0010179676936350431, 'RMSE': 0.0017989737039320977, 'MAPE': 36.394327000537636, 'Bias': -0.0007506378721774919, 'SelectionScore': 0.004557703295139951, 'phase': 'val'}",C:\Users\jiaotong1\5080train\update\run_logs\publication-hpo-20260611-005517\artifacts\mlp\trial_0004\model-20260531-181258-99dfe0c9-train20260611-025227
5,0.003322184771317187,COMPLETE,256,25,0.00022819839640874588,3,0.31399850204595203,128,3,1.0,384,0.0005160042790619628,C:\Users\jiaotong1\5080train\update\run_logs\publication-hpo-20260611-005517\artifacts\mlp\trial_0005,"{'BATCH_SIZE': 256, 'LEARNING_RATE': 0.00022819839640874588, 'WEIGHT_DECAY': 0.0005160042790619628, 'SMOOTH_L1_BETA': 1.0, 'EARLY_STOPPING_PATIENCE': 25, 'MLP_HIDDEN_DIM': 128, 'MLP_BLOCK_COUNT': 3, 'MLP_HIDDEN_MULT': 3, 'MLP_DROPOUT': 0.31399850204595203, 'WAVEFORM_FEATURE_COUNT': 384}","{'Samples': 3420, 'R2': 0.7641064905623105, 'MAE': 0.0007845398060270096, 'RMSE': 0.0013065747157442003, 'MAPE': 34.366270015316324, 'Bias': -0.000493086054878973, 'SelectionScore': 0.003322184771317187, 'phase': 'val'}",C:\Users\jiaotong1\5080train\update\run_logs\publication-hpo-20260611-005517\artifacts\mlp\trial_0005\model-20260531-181258-99dfe0c9-train20260611-025311
6,0.003582024017565494,COMPLETE,768,25,0.00020788324803496522,3,0.16256875179142877,256,3,0.3,384,0.00017383135804944374,C:\Users\jiaotong1\5080train\update\run_logs\publication-hpo-20260611-005517\artifacts\mlp\trial_0006,"{'BATCH_SIZE': 768, 'LEARNING_RATE': 0.00020788324803496522, 'WEIGHT_DECAY': 0.00017383135804944374, 'SMOOTH_L1_BETA': 0.3, 'EARLY_STOPPING_PATIENCE': 25, 'MLP_HIDDEN_DIM': 256, 'MLP_BLOCK_COUNT': 3, 'MLP_HIDDEN_MULT': 3, 'MLP_DROPOUT': 0.16256875179142877, 'WAVEFORM_FEATURE_COUNT': 384}","{'Samples': 3420, 'R2': 0.7393390343703339, 'MAE': 0.0007670106456957618, 'RMSE': 0.0013734544277926753, 'MAPE': 34.65452840665921, 'Bias': -0.00045162591149675247, 'SelectionScore': 0.003582024017565494, 'phase': 'val'}",C:\Users\jiaotong1\5080train\update\run_logs\publication-hpo-20260611-005517\artifacts\mlp\trial_0006\model-20260531-181258-99dfe0c9-train20260611-025414
7,0.0037975799669864073,COMPLETE,768,15,1.3408933722521186e-05,3,0.19564565333539996,192,2,2.0,384,0.000716700296826889,C:\Users\jiaotong1\5080train\update\run_logs\publication-hpo-20260611-005517\artifacts\mlp\trial_0007,"{'BATCH_SIZE': 768, 'LEARNING_RATE': 1.3408933722521186e-05, 'WEIGHT_DECAY': 0.000716700296826889, 'SMOOTH_L1_BETA': 2.0, 'EARLY_STOPPING_PATIENCE': 15, 'MLP_HIDDEN_DIM': 192, 'MLP_BLOCK_COUNT': 3, 'MLP_HIDDEN_MULT': 2, 'MLP_DROPOUT': 0.19564565333539996, 'WAVEFORM_FEATURE_COUNT': 384}","{'Samples': 3420, 'R2': 0.7121638445911771, 'MAE': 0.0008076882085458625, 'RMSE': 0.00144327446012999, 'MAPE': 41.269356942730404, 'Bias': -0.0004369721813389184, 'SelectionScore': 0.0037975799669864073, 'phase': 'val'}",C:\Users\jiaotong1\5080train\update\run_logs\publication-hpo-20260611-005517\artifacts\mlp\trial_0007\model-20260531-181258-99dfe0c9-train20260611-025439
8,0.0025215654487442925,COMPLETE,512,20,0.0029702335828275706,4,0.28946458481045884,512,2,0.3,128,8.506130261310454e-06,C:\Users\jiaotong1\5080train\update\run_logs\publication-hpo-20260611-005517\artifacts\mlp\trial_0008,"{'BATCH_SIZE': 512, 'LEARNING_RATE': 0.0029702335828275706, 'WEIGHT_DECAY': 8.506130261310454e-06, 'SMOOTH_L1_BETA': 0.3, 'EARLY_STOPPING_PATIENCE': 20, 'MLP_HIDDEN_DIM': 512, 'MLP_BLOCK_COUNT': 4, 'MLP_HIDDEN_MULT': 2, 'MLP_DROPOUT': 0.28946458481045884, 'WAVEFORM_FEATURE_COUNT': 128}","{'Samples': 3420, 'R2': 0.861411176716964, 'MAE': 0.0006017522366962287, 'RMSE': 0.001001475565339379, 'MAPE': 27.887722646971582, 'Bias': -0.00040648288465453393, 'SelectionScore': 0.0025215654487442925, 'phase': 'val'}",C:\Users\jiaotong1\5080train\update\run_logs\publication-hpo-20260611-005517\artifacts\mlp\trial_0008\model-20260531-181258-99dfe0c9-train20260611-025520
9,0.0029395733937149122,COMPLETE,768,20,0.002308116043820004,5,0.3220316714575893,512,2,0.3,256,1.6538925281746247e-06,C:\Users\jiaotong1\5080train\update\run_logs\publication-hpo-20260611-005517\artifacts\mlp\trial_0009,"{'BATCH_SIZE': 768, 'LEARNING_RATE': 0.002308116043820004, 'WEIGHT_DECAY': 1.6538925281746247e-06, 'SMOOTH_L1_BETA': 0.3, 'EARLY_STOPPING_PATIENCE': 20, 'MLP_HIDDEN_DIM': 512, 'MLP_BLOCK_COUNT': 5, 'MLP_HIDDEN_MULT': 2, 'MLP_DROPOUT': 0.3220316714575893, 'WAVEFORM_FEATURE_COUNT': 256}","{'Samples': 3420, 'R2': 0.7939654490400304, 'MAE': 0.0007939447256466051, 'RMSE': 0.001221086083344903, 'MAPE': 34.72627753765094, 'Bias': -0.0005712193815623466, 'SelectionScore': 0.0029395733937149122, 'phase': 'val'}",C:\Users\jiaotong1\5080train\update\run_logs\publication-hpo-20260611-005517\artifacts\mlp\trial_0009\model-20260531-181258-99dfe0c9-train20260611-025542
10,0.003120108114331768,COMPLETE,512,15,0.00011090331049412918,4,0.3417213534564396,512,3,0.3,128,6.9503626265122255e-06,C:\Users\jiaotong1\5080train\update\run_logs\publication-hpo-20260611-005517\artifacts\mlp\trial_0010,"{'BATCH_SIZE': 512, 'LEARNING_RATE': 0.00011090331049412918, 'WEIGHT_DECAY': 6.9503626265122255e-06, 'SMOOTH_L1_BETA': 0.3, 'EARLY_STOPPING_PATIENCE': 15, 'MLP_HIDDEN_DIM': 512, 'MLP_BLOCK_COUNT': 4, 'MLP_HIDDEN_MULT': 3, 'MLP_DROPOUT': 0.3417213534564396, 'WAVEFORM_FEATURE_COUNT': 128}","{'Samples': 3420, 'R2': 0.7979141133713414, 'MAE': 0.0006899421894710638, 'RMSE': 0.0012093283831262009, 'MAPE': 28.40781967577006, 'Bias': -0.00046285788136405596, 'SelectionScore': 0.003120108114331768, 'phase': 'val'}",C:\Users\jiaotong1\5080train\update\run_logs\publication-hpo-20260611-005517\artifacts\mlp\trial_0010\model-20260531-181258-99dfe0c9-train20260611-025603
11,0.0032441379434772818,COMPLETE,1024,20,0.002431150219109965,5,0.12574006065208318,512,4,2.0,128,0.0002628383772251526,C:\Users\jiaotong1\5080train\update\run_logs\publication-hpo-20260611-005517\artifacts\mlp\trial_0011,"{'BATCH_SIZE': 1024, 'LEARNING_RATE': 0.002431150219109965, 'WEIGHT_DECAY': 0.0002628383772251526, 'SMOOTH_L1_BETA': 2.0, 'EARLY_STOPPING_PATIENCE': 20, 'MLP_HIDDEN_DIM': 512, 'MLP_BLOCK_COUNT': 5, 'MLP_HIDDEN_MULT': 4, 'MLP_DROPOUT': 0.12574006065208318, 'WAVEFORM_FEATURE_COUNT': 128}","{'Samples': 3420, 'R2': 0.7845819030143624, 'MAE': 0.0007167854151570101, 'RMSE': 0.0012485827954933962, 'MAPE': 28.14508512410969, 'Bias': -0.000501602857293513, 'SelectionScore': 0.0032441379434772818, 'phase': 'val'}",C:\Users\jiaotong1\5080train\update\run_logs\publication-hpo-20260611-005517\artifacts\mlp\trial_0011\model-20260531-181258-99dfe0c9-train20260611-025622
12,0.0031762601731995166,COMPLETE,1024,20,0.002578555443796777,5,0.11797466629614053,512,2,1.0,128,2.905610771230917e-06,C:\Users\jiaotong1\5080train\update\run_logs\publication-hpo-20260611-005517\artifacts\mlp\trial_0012,"{'BATCH_SIZE': 1024, 'LEARNING_RATE': 0.002578555443796777, 'WEIGHT_DECAY': 2.905610771230917e-06, 'SMOOTH_L1_BETA': 1.0, 'EARLY_STOPPING_PATIENCE': 20, 'MLP_HIDDEN_DIM': 512, 'MLP_BLOCK_COUNT': 5, 'MLP_HIDDEN_MULT': 2, 'MLP_DROPOUT': 0.11797466629614053, 'WAVEFORM_FEATURE_COUNT': 128}","{'Samples': 3420, 'R2': 0.7890749175201998, 'MAE': 0.0006897360947011841, 'RMSE': 0.0012354932234935408, 'MAPE': 26.115577825961235, 'Bias': -0.0005216485244641502, 'SelectionScore': 0.0031762601731995166, 'phase': 'val'}",C:\Users\jiaotong1\5080train\update\run_logs\publication-hpo-20260611-005517\artifacts\mlp\trial_0012\model-20260531-181258-99dfe0c9-train20260611-025641
13,0.0030469960009842875,COMPLETE,512,20,0.0009097624396326806,2,0.2514162209710503,128,2,0.3,128,1.9050469858333737e-05,C:\Users\jiaotong1\5080train\update\run_logs\publication-hpo-20260611-005517\artifacts\mlp\trial_0013,"{'BATCH_SIZE': 512, 'LEARNING_RATE': 0.0009097624396326806, 'WEIGHT_DECAY': 1.9050469858333737e-05, 'SMOOTH_L1_BETA': 0.3, 'EARLY_STOPPING_PATIENCE': 20, 'MLP_HIDDEN_DIM': 128, 'MLP_BLOCK_COUNT': 2, 'MLP_HIDDEN_MULT': 2, 'MLP_DROPOUT': 0.2514162209710503, 'WAVEFORM_FEATURE_COUNT': 128}","{'Samples': 3420, 'R2': 0.8136107448747691, 'MAE': 0.0006427871966496159, 'RMSE': 0.001161413019724047, 'MAPE': 28.82482576826452, 'Bias': -0.0003275216775056091, 'SelectionScore': 0.0030469960009842875, 'phase': 'val'}",C:\Users\jiaotong1\5080train\update\run_logs\publication-hpo-20260611-005517\artifacts\mlp\trial_0013\model-20260531-181258-99dfe0c9-train20260611-025659
14,0.0036032151643281296,COMPLETE,512,20,0.0004351270380718788,5,0.2865806519681088,512,2,0.3,384,3.251452079179894e-05,C:\Users\jiaotong1\5080train\update\run_logs\publication-hpo-20260611-005517\artifacts\mlp\trial_0014,"{'BATCH_SIZE': 512, 'LEARNING_RATE': 0.0004351270380718788, 'WEIGHT_DECAY': 3.251452079179894e-05, 'SMOOTH_L1_BETA': 0.3, 'EARLY_STOPPING_PATIENCE': 20, 'MLP_HIDDEN_DIM': 512, 'MLP_BLOCK_COUNT': 5, 'MLP_HIDDEN_MULT': 2, 'MLP_DROPOUT': 0.2865806519681088, 'WAVEFORM_FEATURE_COUNT': 384}","{'Samples': 3420, 'R2': 0.7085140607205388, 'MAE': 0.0008736112119276031, 'RMSE': 0.0014523960493884526, 'MAPE': 32.272740582883, 'Bias': -0.0006786499753140204, 'SelectionScore': 0.0036032151643281296, 'phase': 'val'}",C:\Users\jiaotong1\5080train\update\run_logs\publication-hpo-20260611-005517\artifacts\mlp\trial_0014\model-20260531-181258-99dfe0c9-train20260611-025725
15,0.0030550838276046637,COMPLETE,512,25,0.0013562748781272792,3,0.18075824278614983,512,2,0.5,128,9.826263393518837e-06,C:\Users\jiaotong1\5080train\update\run_logs\publication-hpo-20260611-005517\artifacts\mlp\trial_0015,"{'BATCH_SIZE': 512, 'LEARNING_RATE': 0.0013562748781272792, 'WEIGHT_DECAY': 9.826263393518837e-06, 'SMOOTH_L1_BETA': 0.5, 'EARLY_STOPPING_PATIENCE': 25, 'MLP_HIDDEN_DIM': 512, 'MLP_BLOCK_COUNT': 3, 'MLP_HIDDEN_MULT': 2, 'MLP_DROPOUT': 0.18075824278614983, 'WAVEFORM_FEATURE_COUNT': 128}","{'Samples': 3420, 'R2': 0.8140135780959261, 'MAE': 0.000621551787895004, 'RMSE': 0.0011601572906611984, 'MAPE': 25.987593416611315, 'Bias': -0.00037497513319558677, 'SelectionScore': 0.0030550838276046637, 'phase': 'val'}",C:\Users\jiaotong1\5080train\update\run_logs\publication-hpo-20260611-005517\artifacts\mlp\trial_0015\model-20260531-181258-99dfe0c9-train20260611-025802
16,0.0027441278756643248,COMPLETE,256,15,0.0013097682874914655,4,0.29446414107701485,128,2,2.0,128,1.7830422401641646e-05,C:\Users\jiaotong1\5080train\update\run_logs\publication-hpo-20260611-005517\artifacts\mlp\trial_0016,"{'BATCH_SIZE': 256, 'LEARNING_RATE': 0.0013097682874914655, 'WEIGHT_DECAY': 1.7830422401641646e-05, 'SMOOTH_L1_BETA': 2.0, 'EARLY_STOPPING_PATIENCE': 15, 'MLP_HIDDEN_DIM': 128, 'MLP_BLOCK_COUNT': 4, 'MLP_HIDDEN_MULT': 2, 'MLP_DROPOUT': 0.29446414107701485, 'WAVEFORM_FEATURE_COUNT': 128}","{'Samples': 3420, 'R2': 0.8538403425580623, 'MAE': 0.0005673583983756629, 'RMSE': 0.0010284661733147426, 'MAPE': 27.886258490195896, 'Bias': -0.0002666657512943655, 'SelectionScore': 0.0027441278756643248, 'phase': 'val'}",C:\Users\jiaotong1\5080train\update\run_logs\publication-hpo-20260611-005517\artifacts\mlp\trial_0016\model-20260531-181258-99dfe0c9-train20260611-025828
17,0.0029109098399035887,COMPLETE,512,15,0.0012880941940275508,4,0.27557509247519957,256,2,2.0,256,9.110319881676327e-06,C:\Users\jiaotong1\5080train\update\run_logs\publication-hpo-20260611-005517\artifacts\mlp\trial_0017,"{'BATCH_SIZE': 512, 'LEARNING_RATE': 0.0012880941940275508, 'WEIGHT_DECAY': 9.110319881676327e-06, 'SMOOTH_L1_BETA': 2.0, 'EARLY_STOPPING_PATIENCE': 15, 'MLP_HIDDEN_DIM': 256, 'MLP_BLOCK_COUNT': 4, 'MLP_HIDDEN_MULT': 2, 'MLP_DROPOUT': 0.27557509247519957, 'WAVEFORM_FEATURE_COUNT': 256}","{'Samples': 3420, 'R2': 0.829370310802396, 'MAE': 0.0006383862695443969, 'RMSE': 0.0011112289667151436, 'MAPE': 28.580963155699408, 'Bias': -0.0003955055400933417, 'SelectionScore': 0.0029109098399035887, 'phase': 'val'}",C:\Users\jiaotong1\5080train\update\run_logs\publication-hpo-20260611-005517\artifacts\mlp\trial_0017\model-20260531-181258-99dfe0c9-train20260611-025900
18,0.0030505566143728072,COMPLETE,256,15,0.001365259803365479,4,0.2269438688386086,384,2,2.0,128,2.0004868377337597e-05,C:\Users\jiaotong1\5080train\update\run_logs\publication-hpo-20260611-005517\artifacts\mlp\trial_0018,"{'BATCH_SIZE': 256, 'LEARNING_RATE': 0.001365259803365479, 'WEIGHT_DECAY': 2.0004868377337597e-05, 'SMOOTH_L1_BETA': 2.0, 'EARLY_STOPPING_PATIENCE': 15, 'MLP_HIDDEN_DIM': 384, 'MLP_BLOCK_COUNT': 4, 'MLP_HIDDEN_MULT': 2, 'MLP_DROPOUT': 0.2269438688386086, 'WAVEFORM_FEATURE_COUNT': 128}","{'Samples': 3420, 'R2': 0.803098958656839, 'MAE': 0.0006650738508487955, 'RMSE': 0.001193713925903819, 'MAPE': 25.027068019632125, 'Bias': -0.0004364773581834249, 'SelectionScore': 0.0030505566143728072, 'phase': 'val'}",C:\Users\jiaotong1\5080train\update\run_logs\publication-hpo-20260611-005517\artifacts\mlp\trial_0018\model-20260531-181258-99dfe0c9-train20260611-025925
19,0.0024903133360809518,COMPLETE,512,15,0.0027064562512491962,3,0.2947761830760372,512,2,0.3,128,0.00040698425512740915,C:\Users\jiaotong1\5080train\update\run_logs\publication-hpo-20260611-005517\artifacts\mlp\trial_0019,"{'BATCH_SIZE': 512, 'LEARNING_RATE': 0.0027064562512491962, 'WEIGHT_DECAY': 0.00040698425512740915, 'SMOOTH_L1_BETA': 0.3, 'EARLY_STOPPING_PATIENCE': 15, 'MLP_HIDDEN_DIM': 512, 'MLP_BLOCK_COUNT': 3, 'MLP_HIDDEN_MULT': 2, 'MLP_DROPOUT': 0.2947761830760372, 'WAVEFORM_FEATURE_COUNT': 128}","{'Samples': 3420, 'R2': 0.8621572213724138, 'MAE': 0.0006019679031399322, 'RMSE': 0.000998776380476354, 'MAPE': 23.918637525798246, 'Bias': -0.000440735640141712, 'SelectionScore': 0.0024903133360809518, 'phase': 'val'}",C:\Users\jiaotong1\5080train\update\run_logs\publication-hpo-20260611-005517\artifacts\mlp\trial_0019\model-20260531-181258-99dfe0c9-train20260611-025958
20,0.0028870286414786543,COMPLETE,512,15,0.0007461129221101735,2,0.22812985275984898,512,2,0.3,128,0.00047120437940936273,C:\Users\jiaotong1\5080train\update\run_logs\publication-hpo-20260611-005517\artifacts\mlp\trial_0020,"{'BATCH_SIZE': 512, 'LEARNING_RATE': 0.0007461129221101735, 'WEIGHT_DECAY': 0.00047120437940936273, 'SMOOTH_L1_BETA': 0.3, 'EARLY_STOPPING_PATIENCE': 15, 'MLP_HIDDEN_DIM': 512, 'MLP_BLOCK_COUNT': 2, 'MLP_HIDDEN_MULT': 2, 'MLP_DROPOUT': 0.22812985275984898, 'WAVEFORM_FEATURE_COUNT': 128}","{'Samples': 3420, 'R2': 0.8320876531726428, 'MAE': 0.0006179267961475989, 'RMSE': 0.0011023450840615364, 'MAPE': 26.702852804254704, 'Bias': -0.00038833414462805573, 'SelectionScore': 0.0028870286414786543, 'phase': 'val'}",C:\Users\jiaotong1\5080train\update\run_logs\publication-hpo-20260611-005517\artifacts\mlp\trial_0020\model-20260531-181258-99dfe0c9-train20260611-030021
21,0.003007620769395955,COMPLETE,256,30,0.0008109325504448645,5,0.3126320920564526,128,4,2.0,128,1.0389578198450886e-05,C:\Users\jiaotong1\5080train\update\run_logs\publication-hpo-20260611-005517\artifacts\mlp\trial_0021,"{'BATCH_SIZE': 256, 'LEARNING_RATE': 0.0008109325504448645, 'WEIGHT_DECAY': 1.0389578198450886e-05, 'SMOOTH_L1_BETA': 2.0, 'EARLY_STOPPING_PATIENCE': 30, 'MLP_HIDDEN_DIM': 128, 'MLP_BLOCK_COUNT': 5, 'MLP_HIDDEN_MULT': 4, 'MLP_DROPOUT': 0.3126320920564526, 'WAVEFORM_FEATURE_COUNT': 128}","{'Samples': 3420, 'R2': 0.8191944423616845, 'MAE': 0.0006185957732035689, 'RMSE': 0.001143884411981355, 'MAPE': 24.236996527814792, 'Bias': -0.00034216853390243643, 'SelectionScore': 0.003007620769395955, 'phase': 'val'}",C:\Users\jiaotong1\5080train\update\run_logs\publication-hpo-20260611-005517\artifacts\mlp\trial_0021\model-20260531-181258-99dfe0c9-train20260611-030037
22,0.002616801598077817,COMPLETE,512,15,0.002495750811130602,4,0.2987338123879986,512,2,0.3,128,0.00011260310873160935,C:\Users\jiaotong1\5080train\update\run_logs\publication-hpo-20260611-005517\artifacts\mlp\trial_0022,"{'BATCH_SIZE': 512, 'LEARNING_RATE': 0.002495750811130602, 'WEIGHT_DECAY': 0.00011260310873160935, 'SMOOTH_L1_BETA': 0.3, 'EARLY_STOPPING_PATIENCE': 15, 'MLP_HIDDEN_DIM': 512, 'MLP_BLOCK_COUNT': 4, 'MLP_HIDDEN_MULT': 2, 'MLP_DROPOUT': 0.2987338123879986, 'WAVEFORM_FEATURE_COUNT': 128}","{'Samples': 3420, 'R2': 0.8534052791327208, 'MAE': 0.0006412654646790273, 'RMSE': 0.0010299957182888125, 'MAPE': 28.06675949105562, 'Bias': -0.0005483410921085497, 'SelectionScore': 0.002616801598077817, 'phase': 'val'}",C:\Users\jiaotong1\5080train\update\run_logs\publication-hpo-20260611-005517\artifacts\mlp\trial_0022\model-20260531-181258-99dfe0c9-train20260611-030207
23,0.0028673021402999465,COMPLETE,768,15,0.0018322534628389092,3,0.3319463498058125,512,2,0.3,64,0.00021462821591672633,C:\Users\jiaotong1\5080train\update\run_logs\publication-hpo-20260611-005517\artifacts\mlp\trial_0023,"{'BATCH_SIZE': 768, 'LEARNING_RATE': 0.0018322534628389092, 'WEIGHT_DECAY': 0.00021462821591672633, 'SMOOTH_L1_BETA': 0.3, 'EARLY_STOPPING_PATIENCE': 15, 'MLP_HIDDEN_DIM': 512, 'MLP_BLOCK_COUNT': 3, 'MLP_HIDDEN_MULT': 2, 'MLP_DROPOUT': 0.3319463498058125, 'WAVEFORM_FEATURE_COUNT': 64}","{'Samples': 3420, 'R2': 0.8298835451952445, 'MAE': 0.0006662360760450696, 'RMSE': 0.0011095564839315262, 'MAPE': 32.07671078190292, 'Bias': -0.0003700754799273832, 'SelectionScore': 0.0028673021402999465, 'phase': 'val'}",C:\Users\jiaotong1\5080train\update\run_logs\publication-hpo-20260611-005517\artifacts\mlp\trial_0023\model-20260531-181258-99dfe0c9-train20260611-030229
