number,value,state,params_BATCH_SIZE,params_CNN_CHANNELS_KEY,params_CNN_DROPOUT,params_CNN_PROJECTOR_DIM,params_CNN_PROJECTOR_DROPOUT,params_FUSION_BILINEAR_DIM,params_FUSION_DROPOUT,params_FUSION_OUTPUT_DIM,params_GRAD_CLIP_NORM,params_HEAD_DROPOUT,params_IMAGE_SIZE_KEY,params_LEARNING_RATE,params_SCALAR_EMBED_DIM,params_SCALAR_RES_BLOCKS,params_SCALAR_RES_DROPOUT,params_TIME_FREQ_MASK_PROB,params_WEIGHT_DECAY,user_attrs_artifact_root,user_attrs_config_params,user_attrs_metrics,user_attrs_model_dir
17,0.0005935650274180807,COMPLETE,64,24-56-112-176,0.17644889898774452,384,0.13658676659980223,112,0.15234870687631638,256,0.8,0.11455671945648979,192,3.711051638555074e-05,128,5,0.21240886424232946,0.2414505734686987,1.0791395220942102e-06,C:\Users\jiaotong1\5080train\update\run_logs\2dcnn-5080-v11-optuna-20260612-220606\artifacts\2dcnn\trial_0017,"{'IMAGE_SIZE': [192, 192], 'BATCH_SIZE': 32, 'LEARNING_RATE': 3.711051638555074e-05, 'WEIGHT_DECAY': 1.0791395220942102e-06, 'GRAD_CLIP_NORM': 0.8, 'CNN_CHANNELS': [24, 56, 112, 176], 'CNN_DROPOUT': 0.17644889898774452, 'CNN_PROJECTOR_DIM': 384, 'CNN_PROJECTOR_DROPOUT': 0.13658676659980223, 'SCALAR_EMBED_DIM': 128, 'SCALAR_RES_BLOCKS': 5, 'SCALAR_RES_DROPOUT': 0.21240886424232946, 'FUSION_BILINEAR_DIM': 112, 'FUSION_OUTPUT_DIM': 256, 'FUSION_DROPOUT': 0.15234870687631638, 'HEAD_DROPOUT': 0.11455671945648979, 'TIME_FREQ_MASK_PROB': 0.2414505734686987}","{'best_value': 0.0005935650274180807, 'objective_metric': 'selection', 'best_val_mae_raw': 0.000491834245622158, 'best_val_selection_score': 0.0005935650274180807}",C:\Users\jiaotong1\5080train\update\run_logs\2dcnn-5080-v11-optuna-20260612-220606\artifacts\2dcnn\trial_0017\model-20260531-181258-99dfe0c9-train20260614-073000
18,0.0006289512549620122,COMPLETE,48,40-80-160-256,0.1708487436013933,384,0.15890897225716125,64,0.08957191175065075,512,1.0,0.16233908382366155,128,0.00017808887288440467,192,4,0.21408656539384896,0.330343064227764,5.239106782659667e-06,C:\Users\jiaotong1\5080train\update\run_logs\2dcnn-5080-v11-optuna-20260612-220606\artifacts\2dcnn\trial_0018,"{'IMAGE_SIZE': [128, 128], 'BATCH_SIZE': 32, 'LEARNING_RATE': 0.00017808887288440467, 'WEIGHT_DECAY': 5.239106782659667e-06, 'GRAD_CLIP_NORM': 1.0, 'CNN_CHANNELS': [40, 80, 160, 256], 'CNN_DROPOUT': 0.1708487436013933, 'CNN_PROJECTOR_DIM': 384, 'CNN_PROJECTOR_DROPOUT': 0.15890897225716125, 'SCALAR_EMBED_DIM': 192, 'SCALAR_RES_BLOCKS': 4, 'SCALAR_RES_DROPOUT': 0.21408656539384896, 'FUSION_BILINEAR_DIM': 64, 'FUSION_OUTPUT_DIM': 512, 'FUSION_DROPOUT': 0.08957191175065075, 'HEAD_DROPOUT': 0.16233908382366155, 'TIME_FREQ_MASK_PROB': 0.330343064227764}","{'best_value': 0.0006289512549620122, 'objective_metric': 'selection', 'best_val_mae_raw': 0.0005184682668186724, 'best_val_selection_score': 0.0006289512549620122}",C:\Users\jiaotong1\5080train\update\run_logs\2dcnn-5080-v11-optuna-20260612-220606\artifacts\2dcnn\trial_0018\model-20260531-181258-99dfe0c9-train20260614-090956
19,0.0006268554794648662,COMPLETE,96,40-80-160-256,0.18890613585815438,384,0.13771251845441296,64,0.09746281877492355,256,1.5,0.13015452772669783,192,9.162993869649384e-05,256,3,0.250803839466382,0.31347366623921885,8.992180113532355e-06,C:\Users\jiaotong1\5080train\update\run_logs\2dcnn-5080-v11-optuna-20260612-220606\artifacts\2dcnn\trial_0019,"{'IMAGE_SIZE': [192, 192], 'BATCH_SIZE': 32, 'LEARNING_RATE': 9.162993869649384e-05, 'WEIGHT_DECAY': 8.992180113532355e-06, 'GRAD_CLIP_NORM': 1.5, 'CNN_CHANNELS': [40, 80, 160, 256], 'CNN_DROPOUT': 0.18890613585815438, 'CNN_PROJECTOR_DIM': 384, 'CNN_PROJECTOR_DROPOUT': 0.13771251845441296, 'SCALAR_EMBED_DIM': 256, 'SCALAR_RES_BLOCKS': 3, 'SCALAR_RES_DROPOUT': 0.250803839466382, 'FUSION_BILINEAR_DIM': 64, 'FUSION_OUTPUT_DIM': 256, 'FUSION_DROPOUT': 0.09746281877492355, 'HEAD_DROPOUT': 0.13015452772669783, 'TIME_FREQ_MASK_PROB': 0.31347366623921885}","{'best_value': 0.0006268554794648662, 'objective_metric': 'selection', 'best_val_mae_raw': 0.0005173978861421347, 'best_val_selection_score': 0.0006268554794648662}",C:\Users\jiaotong1\5080train\update\run_logs\2dcnn-5080-v11-optuna-20260612-220606\artifacts\2dcnn\trial_0019\model-20260531-181258-99dfe0c9-train20260614-102958
