number,value,state,params_BATCH_SIZE,params_FUSION_BILINEAR_DIM,params_FUSION_OUTPUT_DIM,params_GRAD_CLIP_NORM,params_HEAD_DROPOUT,params_LEARNING_RATE,params_SCALAR_EMBED_DIM,params_SCALAR_RES_BLOCKS,params_SCALAR_RES_DROPOUT,params_SEQUENCE_PROJECTOR_DIM,params_SEQ_LEN,params_WAVENET_ATTENTION_DIM,params_WAVENET_DILATIONS_KEY,params_WAVENET_DILATION_CYCLES,params_WAVENET_DROPOUT,params_WAVENET_KERNEL_SIZE,params_WAVENET_RESIDUAL_CHANNELS,params_WAVENET_SKIP_CHANNELS,params_WEIGHT_DECAY,user_attrs_artifact_root,user_attrs_config_params,user_attrs_metrics,user_attrs_model_dir
16,0.0006137095575595201,COMPLETE,96,48,512,1.0,0.13317330283326215,0.00025249248709781797,192,5,0.15252067477828035,384,4096,64,1-2-4-8-16-32,2,0.1251387882380051,3,48,96,6.596143851457676e-06,C:\Users\jiaotong1\5080train\update\run_logs\wavenet-5080-clean-20260612-021847\artifacts\wavenet\trial_0016,"{'SEQ_LEN': 4096, 'BATCH_SIZE': 96, 'LEARNING_RATE': 0.00025249248709781797, 'WEIGHT_DECAY': 6.596143851457676e-06, 'GRAD_CLIP_NORM': 1.0, 'WAVENET_RESIDUAL_CHANNELS': 48, 'WAVENET_SKIP_CHANNELS': 96, 'WAVENET_KERNEL_SIZE': 3, 'WAVENET_DILATION_CYCLES': 2, 'WAVENET_DILATIONS_PER_CYCLE': [1, 2, 4, 8, 16, 32], 'WAVENET_DROPOUT': 0.1251387882380051, 'WAVENET_ATTENTION_DIM': 64, 'SEQUENCE_PROJECTOR_DIM': 384, 'SCALAR_EMBED_DIM': 192, 'SCALAR_RES_BLOCKS': 5, 'SCALAR_RES_DROPOUT': 0.15252067477828035, 'FUSION_BILINEAR_DIM': 48, 'FUSION_OUTPUT_DIM': 512, 'HEAD_DROPOUT': 0.13317330283326215}","{'best_value': 0.0006137095575595201, 'objective_metric': 'selection', 'best_val_mae_raw': 0.0005084236353197189, 'best_val_selection_score': 0.0006137095575595201}",C:\Users\jiaotong1\5080train\update\run_logs\wavenet-5080-clean-20260612-021847\artifacts\wavenet\trial_0016\model-20260531-181258-99dfe0c9-train20260612-154111
17,0.0006239828934244897,COMPLETE,96,48,512,1.0,0.19712712327883672,0.00031934698702352804,192,5,0.1107023992887183,384,4096,192,1-2-4-8-16-32,2,0.20666873426233,3,48,64,1.6870663309559547e-05,C:\Users\jiaotong1\5080train\update\run_logs\wavenet-5080-clean-20260612-021847\artifacts\wavenet\trial_0017,"{'SEQ_LEN': 4096, 'BATCH_SIZE': 96, 'LEARNING_RATE': 0.00031934698702352804, 'WEIGHT_DECAY': 1.6870663309559547e-05, 'GRAD_CLIP_NORM': 1.0, 'WAVENET_RESIDUAL_CHANNELS': 48, 'WAVENET_SKIP_CHANNELS': 64, 'WAVENET_KERNEL_SIZE': 3, 'WAVENET_DILATION_CYCLES': 2, 'WAVENET_DILATIONS_PER_CYCLE': [1, 2, 4, 8, 16, 32], 'WAVENET_DROPOUT': 0.20666873426233, 'WAVENET_ATTENTION_DIM': 192, 'SEQUENCE_PROJECTOR_DIM': 384, 'SCALAR_EMBED_DIM': 192, 'SCALAR_RES_BLOCKS': 5, 'SCALAR_RES_DROPOUT': 0.1107023992887183, 'FUSION_BILINEAR_DIM': 48, 'FUSION_OUTPUT_DIM': 512, 'HEAD_DROPOUT': 0.19712712327883672}","{'best_value': 0.0006239828934244897, 'objective_metric': 'selection', 'best_val_mae_raw': 0.0005181696401945246, 'best_val_selection_score': 0.0006239828934244897}",C:\Users\jiaotong1\5080train\update\run_logs\wavenet-5080-clean-20260612-021847\artifacts\wavenet\trial_0017\model-20260531-181258-99dfe0c9-train20260612-164128
18,0.0006579306629645452,COMPLETE,96,48,384,1.0,0.1029921790030228,0.00019244174617814424,192,5,0.18760398370106196,384,4096,64,1-2-4-8-16-32-64,2,0.12774008052053362,3,96,96,2.091022799029546e-06,C:\Users\jiaotong1\5080train\update\run_logs\wavenet-5080-clean-20260612-021847\artifacts\wavenet\trial_0018,"{'SEQ_LEN': 4096, 'BATCH_SIZE': 96, 'LEARNING_RATE': 0.00019244174617814424, 'WEIGHT_DECAY': 2.091022799029546e-06, 'GRAD_CLIP_NORM': 1.0, 'WAVENET_RESIDUAL_CHANNELS': 96, 'WAVENET_SKIP_CHANNELS': 96, 'WAVENET_KERNEL_SIZE': 3, 'WAVENET_DILATION_CYCLES': 2, 'WAVENET_DILATIONS_PER_CYCLE': [1, 2, 4, 8, 16, 32, 64], 'WAVENET_DROPOUT': 0.12774008052053362, 'WAVENET_ATTENTION_DIM': 64, 'SEQUENCE_PROJECTOR_DIM': 384, 'SCALAR_EMBED_DIM': 192, 'SCALAR_RES_BLOCKS': 5, 'SCALAR_RES_DROPOUT': 0.18760398370106196, 'FUSION_BILINEAR_DIM': 48, 'FUSION_OUTPUT_DIM': 384, 'HEAD_DROPOUT': 0.1029921790030228}","{'best_value': 0.0006579306629645452, 'objective_metric': 'selection', 'best_val_mae_raw': 0.0005462957416737971, 'best_val_selection_score': 0.0006579306629645452}",C:\Users\jiaotong1\5080train\update\run_logs\wavenet-5080-clean-20260612-021847\artifacts\wavenet\trial_0018\model-20260531-181258-99dfe0c9-train20260612-173849
19,0.0006293155118390127,COMPLETE,64,48,512,1.0,0.11805608041968355,0.000215264120137987,192,4,0.19384517127445605,384,4096,64,1-2-4-8-16-32,2,0.07029890019805898,3,48,96,8.48382911926639e-05,C:\Users\jiaotong1\5080train\update\run_logs\wavenet-5080-clean-20260612-021847\artifacts\wavenet\trial_0019,"{'SEQ_LEN': 4096, 'BATCH_SIZE': 96, 'LEARNING_RATE': 0.000215264120137987, 'WEIGHT_DECAY': 8.48382911926639e-05, 'GRAD_CLIP_NORM': 1.0, 'WAVENET_RESIDUAL_CHANNELS': 48, 'WAVENET_SKIP_CHANNELS': 96, 'WAVENET_KERNEL_SIZE': 3, 'WAVENET_DILATION_CYCLES': 2, 'WAVENET_DILATIONS_PER_CYCLE': [1, 2, 4, 8, 16, 32], 'WAVENET_DROPOUT': 0.07029890019805898, 'WAVENET_ATTENTION_DIM': 64, 'SEQUENCE_PROJECTOR_DIM': 384, 'SCALAR_EMBED_DIM': 192, 'SCALAR_RES_BLOCKS': 4, 'SCALAR_RES_DROPOUT': 0.19384517127445605, 'FUSION_BILINEAR_DIM': 48, 'FUSION_OUTPUT_DIM': 512, 'HEAD_DROPOUT': 0.11805608041968355}","{'best_value': 0.0006293155118390127, 'objective_metric': 'selection', 'best_val_mae_raw': 0.00052539617497733, 'best_val_selection_score': 0.0006293155118390127}",C:\Users\jiaotong1\5080train\update\run_logs\wavenet-5080-clean-20260612-021847\artifacts\wavenet\trial_0019\model-20260531-181258-99dfe0c9-train20260612-194310
