number,value,state,params_BATCH_SIZE,params_FUSION_BILINEAR_DIM,params_FUSION_OUTPUT_DIM,params_GRAD_CLIP_NORM,params_HEAD_DROPOUT,params_LEARNING_RATE,params_LSTM_ATTENTION_DIM,params_LSTM_DROPOUT,params_LSTM_HIDDEN_DIM,params_LSTM_NUM_LAYERS,params_SCALAR_EMBED_DIM,params_SCALAR_RES_BLOCKS,params_SCALAR_RES_DROPOUT,params_SEQUENCE_PROJECTOR_DIM,params_SEQ_LEN,params_SEQ_STEM_CHANNELS_KEY,params_SEQ_STEM_DROPOUT,params_WEIGHT_DECAY,user_attrs_artifact_root,user_attrs_config_params,user_attrs_metrics,user_attrs_model_dir
17,0.0006315121207587886,COMPLETE,64,80,512,1.0,0.23062543240597966,0.00013180083624567468,128,0.26506802532992757,256,1,192,2,0.27583260762626644,256,4096,48-96,0.06901045728222915,2.199260149163599e-05,C:\Users\jiaotong1\5080train\update\run_logs\lstm-wavenet-5080-20260611-115457\artifacts\lstm\trial_0017,"{'SEQ_LEN': 4096, 'BATCH_SIZE': 128, 'LEARNING_RATE': 0.00013180083624567468, 'WEIGHT_DECAY': 2.199260149163599e-05, 'GRAD_CLIP_NORM': 1.0, 'SEQ_STEM_CHANNELS': [48, 96], 'SEQ_STEM_DROPOUT': 0.06901045728222915, 'LSTM_HIDDEN_DIM': 256, 'LSTM_NUM_LAYERS': 1, 'LSTM_DROPOUT': 0.26506802532992757, 'LSTM_ATTENTION_DIM': 128, 'SEQUENCE_PROJECTOR_DIM': 256, 'SCALAR_EMBED_DIM': 192, 'SCALAR_RES_BLOCKS': 2, 'SCALAR_RES_DROPOUT': 0.27583260762626644, 'FUSION_BILINEAR_DIM': 80, 'FUSION_OUTPUT_DIM': 512, 'HEAD_DROPOUT': 0.23062543240597966}","{'best_value': 0.0006315121207587886, 'objective_metric': 'selection', 'best_val_mae_raw': 0.0005231485367578882, 'best_val_selection_score': 0.0006315121207587886}",C:\Users\jiaotong1\5080train\update\run_logs\lstm-wavenet-5080-20260611-115457\artifacts\lstm\trial_0017\model-20260531-181258-99dfe0c9-train20260611-205705
18,0.0006382383060284883,COMPLETE,64,80,512,1.0,0.2680928743451806,8.477729462331941e-05,192,0.297289422126185,96,1,192,2,0.18470505371177104,256,4096,24-48,0.0680219205088238,3.636858176867703e-05,C:\Users\jiaotong1\5080train\update\run_logs\lstm-wavenet-5080-20260611-115457\artifacts\lstm\trial_0018,"{'SEQ_LEN': 4096, 'BATCH_SIZE': 128, 'LEARNING_RATE': 8.477729462331941e-05, 'WEIGHT_DECAY': 3.636858176867703e-05, 'GRAD_CLIP_NORM': 1.0, 'SEQ_STEM_CHANNELS': [24, 48], 'SEQ_STEM_DROPOUT': 0.0680219205088238, 'LSTM_HIDDEN_DIM': 96, 'LSTM_NUM_LAYERS': 1, 'LSTM_DROPOUT': 0.297289422126185, 'LSTM_ATTENTION_DIM': 192, 'SEQUENCE_PROJECTOR_DIM': 256, 'SCALAR_EMBED_DIM': 192, 'SCALAR_RES_BLOCKS': 2, 'SCALAR_RES_DROPOUT': 0.18470505371177104, 'FUSION_BILINEAR_DIM': 80, 'FUSION_OUTPUT_DIM': 512, 'HEAD_DROPOUT': 0.2680928743451806}","{'best_value': 0.0006382383060284883, 'objective_metric': 'selection', 'best_val_mae_raw': 0.0005273197240488739, 'best_val_selection_score': 0.0006382383060284883}",C:\Users\jiaotong1\5080train\update\run_logs\lstm-wavenet-5080-20260611-115457\artifacts\lstm\trial_0018\model-20260531-181258-99dfe0c9-train20260611-213722
19,0.0006476224310402347,COMPLETE,64,80,512,0.5,0.25676184896855936,0.0003364025205662383,128,0.31163647126051713,256,2,192,2,0.24615336178803524,256,1024,48-96,0.1210462048759122,7.998282299351469e-06,C:\Users\jiaotong1\5080train\update\run_logs\lstm-wavenet-5080-20260611-115457\artifacts\lstm\trial_0019,"{'SEQ_LEN': 1024, 'BATCH_SIZE': 128, 'LEARNING_RATE': 0.0003364025205662383, 'WEIGHT_DECAY': 7.998282299351469e-06, 'GRAD_CLIP_NORM': 0.5, 'SEQ_STEM_CHANNELS': [48, 96], 'SEQ_STEM_DROPOUT': 0.1210462048759122, 'LSTM_HIDDEN_DIM': 256, 'LSTM_NUM_LAYERS': 2, 'LSTM_DROPOUT': 0.31163647126051713, 'LSTM_ATTENTION_DIM': 128, 'SEQUENCE_PROJECTOR_DIM': 256, 'SCALAR_EMBED_DIM': 192, 'SCALAR_RES_BLOCKS': 2, 'SCALAR_RES_DROPOUT': 0.24615336178803524, 'FUSION_BILINEAR_DIM': 80, 'FUSION_OUTPUT_DIM': 512, 'HEAD_DROPOUT': 0.25676184896855936}","{'best_value': 0.0006476224310402347, 'objective_metric': 'selection', 'best_val_mae_raw': 0.0005360796767235386, 'best_val_selection_score': 0.0006476224310402347}",C:\Users\jiaotong1\5080train\update\run_logs\lstm-wavenet-5080-20260611-115457\artifacts\lstm\trial_0019\model-20260531-181258-99dfe0c9-train20260611-214824
