number,value,state,params_DEPTH,params_ITERATIONS,params_L2_LEAF_REG,params_LEARNING_RATE,params_SUBSAMPLE,params_WAVEFORM_FEATURE_COUNT,user_attrs_artifact_root,user_attrs_config_params,user_attrs_metrics,user_attrs_model_dir
28,0.00330507165160468,COMPLETE,6,4500,1.0525279787747375,0.03569551929080651,0.6748845380498631,256,C:\Users\jiaotong1\5080train\update\run_logs\publication-hpo-20260611-005517\artifacts\catboost\trial_0028,"{'ITERATIONS': 4500, 'LEARNING_RATE': 0.03569551929080651, 'DEPTH': 6, 'L2_LEAF_REG': 1.0525279787747375, 'SUBSAMPLE': 0.6748845380498631, 'WAVEFORM_FEATURE_COUNT': 256}","{'Samples': 3420, 'R2': 0.7853201374034602, 'MAE': 0.0006611786175741591, 'RMSE': 0.0012464415227101456, 'MAPE': 25.908592118696493, 'Bias': -0.00040446768492962846, 'SelectionScore': 0.00330507165160468}",C:\Users\jiaotong1\5080train\update\run_logs\publication-hpo-20260611-005517\artifacts\catboost\trial_0028\model-20260531-181258-99dfe0c9-train20260611-023650
29,0.003546357555777883,COMPLETE,4,4000,2.0281764818298336,0.016200618724446846,0.6740636545753955,64,C:\Users\jiaotong1\5080train\update\run_logs\publication-hpo-20260611-005517\artifacts\catboost\trial_0029,"{'ITERATIONS': 4000, 'LEARNING_RATE': 0.016200618724446846, 'DEPTH': 4, 'L2_LEAF_REG': 2.0281764818298336, 'SUBSAMPLE': 0.6740636545753955, 'WAVEFORM_FEATURE_COUNT': 64}","{'Samples': 3420, 'R2': 0.7550026996379959, 'MAE': 0.0007107689737654654, 'RMSE': 0.001331548235209596, 'MAPE': 30.404355351156905, 'Bias': -0.00040817157943171466, 'SelectionScore': 0.003546357555777883}",C:\Users\jiaotong1\5080train\update\run_logs\publication-hpo-20260611-005517\artifacts\catboost\trial_0029\model-20260531-181258-99dfe0c9-train20260611-023736
30,0.003508748585778765,COMPLETE,4,4500,1.0984446924658349,0.051640586324430124,0.6180716987899418,64,C:\Users\jiaotong1\5080train\update\run_logs\publication-hpo-20260611-005517\artifacts\catboost\trial_0030,"{'ITERATIONS': 4500, 'LEARNING_RATE': 0.051640586324430124, 'DEPTH': 4, 'L2_LEAF_REG': 1.0984446924658349, 'SUBSAMPLE': 0.6180716987899418, 'WAVEFORM_FEATURE_COUNT': 64}","{'Samples': 3420, 'R2': 0.7595803333234648, 'MAE': 0.000713076472037003, 'RMSE': 0.0013190499726450763, 'MAPE': 31.835291301501446, 'Bias': -0.00038578216516777517, 'SelectionScore': 0.003508748585778765}",C:\Users\jiaotong1\5080train\update\run_logs\publication-hpo-20260611-005517\artifacts\catboost\trial_0030\model-20260531-181258-99dfe0c9-train20260611-023750
31,0.0035470814385666293,COMPLETE,5,2000,2.2870573085476122,0.016979732377584537,0.7925945207419618,384,C:\Users\jiaotong1\5080train\update\run_logs\publication-hpo-20260611-005517\artifacts\catboost\trial_0031,"{'ITERATIONS': 2000, 'LEARNING_RATE': 0.016979732377584537, 'DEPTH': 5, 'L2_LEAF_REG': 2.2870573085476122, 'SUBSAMPLE': 0.7925945207419618, 'WAVEFORM_FEATURE_COUNT': 384}","{'Samples': 3420, 'R2': 0.756875736067061, 'MAE': 0.0006971059263891519, 'RMSE': 0.0013264485392755784, 'MAPE': 28.81215427948317, 'Bias': -0.0004055652737818688, 'SelectionScore': 0.0035470814385666293}",C:\Users\jiaotong1\5080train\update\run_logs\publication-hpo-20260611-005517\artifacts\catboost\trial_0031\model-20260531-181258-99dfe0c9-train20260611-023805
32,0.0030962491132453195,COMPLETE,4,4500,1.02101400600744,0.03040842613443203,0.6225905009186758,256,C:\Users\jiaotong1\5080train\update\run_logs\publication-hpo-20260611-005517\artifacts\catboost\trial_0032,"{'ITERATIONS': 4500, 'LEARNING_RATE': 0.03040842613443203, 'DEPTH': 4, 'L2_LEAF_REG': 1.02101400600744, 'SUBSAMPLE': 0.6225905009186758, 'WAVEFORM_FEATURE_COUNT': 256}","{'Samples': 3420, 'R2': 0.8095730943669996, 'MAE': 0.0006252733644491296, 'RMSE': 0.0011739251556442435, 'MAPE': 26.196156165096287, 'Bias': -0.00035656339700184276, 'SelectionScore': 0.0030962491132453195}",C:\Users\jiaotong1\5080train\update\run_logs\publication-hpo-20260611-005517\artifacts\catboost\trial_0032\model-20260531-181258-99dfe0c9-train20260611-023827
33,0.003180382742352215,COMPLETE,4,5750,1.344523677955099,0.013857922339327205,0.6787051649213125,256,C:\Users\jiaotong1\5080train\update\run_logs\publication-hpo-20260611-005517\artifacts\catboost\trial_0033,"{'ITERATIONS': 5750, 'LEARNING_RATE': 0.013857922339327205, 'DEPTH': 4, 'L2_LEAF_REG': 1.344523677955099, 'SUBSAMPLE': 0.6787051649213125, 'WAVEFORM_FEATURE_COUNT': 256}","{'Samples': 3420, 'R2': 0.8017527615771207, 'MAE': 0.0006343489790814022, 'RMSE': 0.0011977876394055167, 'MAPE': 26.648118774131564, 'Bias': -0.00036043980709317175, 'SelectionScore': 0.003180382742352215}",C:\Users\jiaotong1\5080train\update\run_logs\publication-hpo-20260611-005517\artifacts\catboost\trial_0033\model-20260531-181258-99dfe0c9-train20260611-023852
34,0.003280468320831692,COMPLETE,4,5000,1.5848921122481834,0.010401001592483744,0.7902732729471582,256,C:\Users\jiaotong1\5080train\update\run_logs\publication-hpo-20260611-005517\artifacts\catboost\trial_0034,"{'ITERATIONS': 5000, 'LEARNING_RATE': 0.010401001592483744, 'DEPTH': 4, 'L2_LEAF_REG': 1.5848921122481834, 'SUBSAMPLE': 0.7902732729471582, 'WAVEFORM_FEATURE_COUNT': 256}","{'Samples': 3420, 'R2': 0.7893379812662725, 'MAE': 0.0006534153529572538, 'RMSE': 0.0012347225354523992, 'MAPE': 27.052671838186054, 'Bias': -0.0003924391318593591, 'SelectionScore': 0.003280468320831692}",C:\Users\jiaotong1\5080train\update\run_logs\publication-hpo-20260611-005517\artifacts\catboost\trial_0034\model-20260531-181258-99dfe0c9-train20260611-023924
35,0.0031973306750370436,COMPLETE,4,5250,1.0200121175763306,0.014960316431399388,0.6885997880683068,256,C:\Users\jiaotong1\5080train\update\run_logs\publication-hpo-20260611-005517\artifacts\catboost\trial_0035,"{'ITERATIONS': 5250, 'LEARNING_RATE': 0.014960316431399388, 'DEPTH': 4, 'L2_LEAF_REG': 1.0200121175763306, 'SUBSAMPLE': 0.6885997880683068, 'WAVEFORM_FEATURE_COUNT': 256}","{'Samples': 3420, 'R2': 0.7995747272852547, 'MAE': 0.0006394873929108484, 'RMSE': 0.0012043493858367553, 'MAPE': 27.031091940733518, 'Bias': -0.00037141790055304427, 'SelectionScore': 0.0031973306750370436}",C:\Users\jiaotong1\5080train\update\run_logs\publication-hpo-20260611-005517\artifacts\catboost\trial_0035\model-20260531-181258-99dfe0c9-train20260611-023953
36,0.003376195792942199,COMPLETE,4,5500,1.1941321382246393,0.019461337029446052,0.6916633480738212,384,C:\Users\jiaotong1\5080train\update\run_logs\publication-hpo-20260611-005517\artifacts\catboost\trial_0036,"{'ITERATIONS': 5500, 'LEARNING_RATE': 0.019461337029446052, 'DEPTH': 4, 'L2_LEAF_REG': 1.1941321382246393, 'SUBSAMPLE': 0.6916633480738212, 'WAVEFORM_FEATURE_COUNT': 384}","{'Samples': 3420, 'R2': 0.7791493672826484, 'MAE': 0.0006701397942540007, 'RMSE': 0.0012642285035811718, 'MAPE': 28.489403260003666, 'Bias': -0.0003654109450147918, 'SelectionScore': 0.003376195792942199}",C:\Users\jiaotong1\5080train\update\run_logs\publication-hpo-20260611-005517\artifacts\catboost\trial_0036\model-20260531-181258-99dfe0c9-train20260611-024023
37,0.0033711863360515485,COMPLETE,6,5500,4.289098901607941,0.006316197938720379,0.9976544664717388,128,C:\Users\jiaotong1\5080train\update\run_logs\publication-hpo-20260611-005517\artifacts\catboost\trial_0037,"{'ITERATIONS': 5500, 'LEARNING_RATE': 0.006316197938720379, 'DEPTH': 6, 'L2_LEAF_REG': 4.289098901607941, 'SUBSAMPLE': 0.9976544664717388, 'WAVEFORM_FEATURE_COUNT': 128}","{'Samples': 3420, 'R2': 0.7800813070255728, 'MAE': 0.0006464535207813146, 'RMSE': 0.001261558304451946, 'MAPE': 25.404273212116877, 'Bias': -0.0003792989359228999, 'SelectionScore': 0.0033711863360515485}",C:\Users\jiaotong1\5080train\update\run_logs\publication-hpo-20260611-005517\artifacts\catboost\trial_0037\model-20260531-181258-99dfe0c9-train20260611-024101
38,0.0035158287286827694,COMPLETE,8,1750,1.0441322043174792,0.0707653865980089,0.7921122533151509,64,C:\Users\jiaotong1\5080train\update\run_logs\publication-hpo-20260611-005517\artifacts\catboost\trial_0038,"{'ITERATIONS': 1750, 'LEARNING_RATE': 0.0707653865980089, 'DEPTH': 8, 'L2_LEAF_REG': 1.0441322043174792, 'SUBSAMPLE': 0.7921122533151509, 'WAVEFORM_FEATURE_COUNT': 64}","{'Samples': 3420, 'R2': 0.7575326623218026, 'MAE': 0.0006827055905831546, 'RMSE': 0.0013246552828684657, 'MAPE': 25.196193903455494, 'Bias': -0.00042903592762842083, 'SelectionScore': 0.0035158287286827694}",C:\Users\jiaotong1\5080train\update\run_logs\publication-hpo-20260611-005517\artifacts\catboost\trial_0038\model-20260531-181258-99dfe0c9-train20260611-024147
39,0.0030691088306189383,COMPLETE,4,6000,1.1469494243938012,0.07332033682912427,0.6246200690727831,256,C:\Users\jiaotong1\5080train\update\run_logs\publication-hpo-20260611-005517\artifacts\catboost\trial_0039,"{'ITERATIONS': 6000, 'LEARNING_RATE': 0.07332033682912427, 'DEPTH': 4, 'L2_LEAF_REG': 1.1469494243938012, 'SUBSAMPLE': 0.6246200690727831, 'WAVEFORM_FEATURE_COUNT': 256}","{'Samples': 3420, 'R2': 0.8130807157133002, 'MAE': 0.0006307487813112616, 'RMSE': 0.0011630631839500505, 'MAPE': 27.080783877468267, 'Bias': -0.00036205078441623714, 'SelectionScore': 0.0030691088306189383}",C:\Users\jiaotong1\5080train\update\run_logs\publication-hpo-20260611-005517\artifacts\catboost\trial_0039\model-20260531-181258-99dfe0c9-train20260611-024211
40,0.003424310090403817,COMPLETE,4,6000,2.52700699189242,0.05264183591051551,0.6772439062503277,64,C:\Users\jiaotong1\5080train\update\run_logs\publication-hpo-20260611-005517\artifacts\catboost\trial_0040,"{'ITERATIONS': 6000, 'LEARNING_RATE': 0.05264183591051551, 'DEPTH': 4, 'L2_LEAF_REG': 2.52700699189242, 'SUBSAMPLE': 0.6772439062503277, 'WAVEFORM_FEATURE_COUNT': 64}","{'Samples': 3420, 'R2': 0.7710030497278989, 'MAE': 0.0006963444667163506, 'RMSE': 0.0012873335955081392, 'MAPE': 30.502066694607247, 'Bias': -0.00036031439014513184, 'SelectionScore': 0.003424310090403817}",C:\Users\jiaotong1\5080train\update\run_logs\publication-hpo-20260611-005517\artifacts\catboost\trial_0040\model-20260531-181258-99dfe0c9-train20260611-024242
41,0.0031050027798227497,COMPLETE,5,6000,3.16745380876407,0.05554296807524725,0.6250703640329839,256,C:\Users\jiaotong1\5080train\update\run_logs\publication-hpo-20260611-005517\artifacts\catboost\trial_0041,"{'ITERATIONS': 6000, 'LEARNING_RATE': 0.05554296807524725, 'DEPTH': 5, 'L2_LEAF_REG': 3.16745380876407, 'SUBSAMPLE': 0.6250703640329839, 'WAVEFORM_FEATURE_COUNT': 256}","{'Samples': 3420, 'R2': 0.807868177967134, 'MAE': 0.0006252341628367354, 'RMSE': 0.0011791685964005075, 'MAPE': 24.676108635828655, 'Bias': -0.00038795502390810894, 'SelectionScore': 0.0031050027798227497}",C:\Users\jiaotong1\5080train\update\run_logs\publication-hpo-20260611-005517\artifacts\catboost\trial_0041\model-20260531-181258-99dfe0c9-train20260611-024303
42,0.0032560745758935796,COMPLETE,7,6000,3.9426289486401345,0.060023868120988075,0.6329987938669875,256,C:\Users\jiaotong1\5080train\update\run_logs\publication-hpo-20260611-005517\artifacts\catboost\trial_0042,"{'ITERATIONS': 6000, 'LEARNING_RATE': 0.060023868120988075, 'DEPTH': 7, 'L2_LEAF_REG': 3.9426289486401345, 'SUBSAMPLE': 0.6329987938669875, 'WAVEFORM_FEATURE_COUNT': 256}","{'Samples': 3420, 'R2': 0.7889463386342424, 'MAE': 0.0006492926721732242, 'RMSE': 0.0012358697413973837, 'MAPE': 26.1998345161579, 'Bias': -0.0003726645073174684, 'SelectionScore': 0.0032560745758935796}",C:\Users\jiaotong1\5080train\update\run_logs\publication-hpo-20260611-005517\artifacts\catboost\trial_0042\model-20260531-181258-99dfe0c9-train20260611-024345
43,0.003418260647809833,COMPLETE,6,6000,1.300685532275668,0.0691669793270992,0.6626279845658374,256,C:\Users\jiaotong1\5080train\update\run_logs\publication-hpo-20260611-005517\artifacts\catboost\trial_0043,"{'ITERATIONS': 6000, 'LEARNING_RATE': 0.0691669793270992, 'DEPTH': 6, 'L2_LEAF_REG': 1.300685532275668, 'SUBSAMPLE': 0.6626279845658374, 'WAVEFORM_FEATURE_COUNT': 256}","{'Samples': 3420, 'R2': 0.7706690564187022, 'MAE': 0.0006705598047038456, 'RMSE': 0.0012882720450077246, 'MAPE': 26.12207029758778, 'Bias': -0.0003998300766146425, 'SelectionScore': 0.003418260647809833}",C:\Users\jiaotong1\5080train\update\run_logs\publication-hpo-20260611-005517\artifacts\catboost\trial_0043\model-20260531-181258-99dfe0c9-train20260611-024513
44,0.0036750193219927743,COMPLETE,4,5500,2.666430484920306,0.06456343448480034,0.6416057270241955,384,C:\Users\jiaotong1\5080train\update\run_logs\publication-hpo-20260611-005517\artifacts\catboost\trial_0044,"{'ITERATIONS': 5500, 'LEARNING_RATE': 0.06456343448480034, 'DEPTH': 4, 'L2_LEAF_REG': 2.666430484920306, 'SUBSAMPLE': 0.6416057270241955, 'WAVEFORM_FEATURE_COUNT': 384}","{'Samples': 3420, 'R2': 0.7373834234749902, 'MAE': 0.0007097427766850934, 'RMSE': 0.0013785969765069332, 'MAPE': 28.284974930580987, 'Bias': -0.00042383844969851335, 'SelectionScore': 0.0036750193219927743}",C:\Users\jiaotong1\5080train\update\run_logs\publication-hpo-20260611-005517\artifacts\catboost\trial_0044\model-20260531-181258-99dfe0c9-train20260611-024613
45,0.003270253432461397,COMPLETE,4,5250,1.6529540237199132,0.04471967219030136,0.6627004440788609,256,C:\Users\jiaotong1\5080train\update\run_logs\publication-hpo-20260611-005517\artifacts\catboost\trial_0045,"{'ITERATIONS': 5250, 'LEARNING_RATE': 0.04471967219030136, 'DEPTH': 4, 'L2_LEAF_REG': 1.6529540237199132, 'SUBSAMPLE': 0.6627004440788609, 'WAVEFORM_FEATURE_COUNT': 256}","{'Samples': 3420, 'R2': 0.79066243005777, 'MAE': 0.000649877664084654, 'RMSE': 0.0012308350163616516, 'MAPE': 27.302227008824385, 'Bias': -0.0003853015368277786, 'SelectionScore': 0.003270253432461397}",C:\Users\jiaotong1\5080train\update\run_logs\publication-hpo-20260611-005517\artifacts\catboost\trial_0045\model-20260531-181258-99dfe0c9-train20260611-024651
46,0.0031707434181708002,COMPLETE,6,2000,2.1800956943142813,0.05293776127039854,0.850575363516807,256,C:\Users\jiaotong1\5080train\update\run_logs\publication-hpo-20260611-005517\artifacts\catboost\trial_0046,"{'ITERATIONS': 2000, 'LEARNING_RATE': 0.05293776127039854, 'DEPTH': 6, 'L2_LEAF_REG': 2.1800956943142813, 'SUBSAMPLE': 0.850575363516807, 'WAVEFORM_FEATURE_COUNT': 256}","{'Samples': 3420, 'R2': 0.8036748294488532, 'MAE': 0.0006083083330581465, 'RMSE': 0.001191967037368828, 'MAPE': 23.904558721990686, 'Bias': -0.00034814653568523496, 'SelectionScore': 0.0031707434181708002}",C:\Users\jiaotong1\5080train\update\run_logs\publication-hpo-20260611-005517\artifacts\catboost\trial_0046\model-20260531-181258-99dfe0c9-train20260611-024719
47,0.003202645742287076,COMPLETE,6,3250,1.0166425594255122,0.016556220067854958,0.7021182411214648,256,C:\Users\jiaotong1\5080train\update\run_logs\publication-hpo-20260611-005517\artifacts\catboost\trial_0047,"{'ITERATIONS': 3250, 'LEARNING_RATE': 0.016556220067854958, 'DEPTH': 6, 'L2_LEAF_REG': 1.0166425594255122, 'SUBSAMPLE': 0.7021182411214648, 'WAVEFORM_FEATURE_COUNT': 256}","{'Samples': 3420, 'R2': 0.7976480540556092, 'MAE': 0.000638214626825741, 'RMSE': 0.0012101242013173592, 'MAPE': 24.934132627790934, 'Bias': -0.00038829598492767266, 'SelectionScore': 0.003202645742287076}",C:\Users\jiaotong1\5080train\update\run_logs\publication-hpo-20260611-005517\artifacts\catboost\trial_0047\model-20260531-181258-99dfe0c9-train20260611-024742
48,0.0033116462314030847,COMPLETE,4,5500,6.492079143790049,0.05925410269501655,0.675361705239307,256,C:\Users\jiaotong1\5080train\update\run_logs\publication-hpo-20260611-005517\artifacts\catboost\trial_0048,"{'ITERATIONS': 5500, 'LEARNING_RATE': 0.05925410269501655, 'DEPTH': 4, 'L2_LEAF_REG': 6.492079143790049, 'SUBSAMPLE': 0.675361705239307, 'WAVEFORM_FEATURE_COUNT': 256}","{'Samples': 3420, 'R2': 0.7849008955397341, 'MAE': 0.0006568278651694496, 'RMSE': 0.0012476579982247374, 'MAPE': 27.10263398703799, 'Bias': -0.0003672685972208732, 'SelectionScore': 0.0033116462314030847}",C:\Users\jiaotong1\5080train\update\run_logs\publication-hpo-20260611-005517\artifacts\catboost\trial_0048\model-20260531-181258-99dfe0c9-train20260611-024816
49,0.0033933141233756185,COMPLETE,6,3500,1.1252403512096734,0.022699667621259172,0.6322491612513279,384,C:\Users\jiaotong1\5080train\update\run_logs\publication-hpo-20260611-005517\artifacts\catboost\trial_0049,"{'ITERATIONS': 3500, 'LEARNING_RATE': 0.022699667621259172, 'DEPTH': 6, 'L2_LEAF_REG': 1.1252403512096734, 'SUBSAMPLE': 0.6322491612513279, 'WAVEFORM_FEATURE_COUNT': 384}","{'Samples': 3420, 'R2': 0.7753128634143647, 'MAE': 0.0006656358894799683, 'RMSE': 0.0012751619897233986, 'MAPE': 26.163560237628797, 'Bias': -0.00041441205967548847, 'SelectionScore': 0.0033933141233756185}",C:\Users\jiaotong1\5080train\update\run_logs\publication-hpo-20260611-005517\artifacts\catboost\trial_0049\model-20260531-181258-99dfe0c9-train20260611-024846
